[    0.000000] Linux version 4.15.0-74-generic (buildd@lcy01-amd64-022) (gcc version 7.4.0 (Ubuntu 7.4.0-1ubuntu1~18.04.1)) #84-Ubuntu SMP Thu Dec 19 08:06:28 UTC 2019 (Ubuntu 4.15.0-74.84-generic 4.15.18)
[    0.000000] Command line: BOOT_IMAGE=/boot/vmlinuz-4.15.0-74-generic root=LABEL=cloudimg-rootfs ro console=tty1 console=ttyS0
[    0.000000] KERNEL supported cpus:
[    0.000000]   Intel GenuineIntel
[    0.000000]   AMD AuthenticAMD
[    0.000000]   Centaur CentaurHauls
[    0.000000] x86/fpu: Supporting XSAVE feature 0x001: 'x87 floating point registers'
[    0.000000] x86/fpu: Supporting XSAVE feature 0x002: 'SSE registers'
[    0.000000] x86/fpu: Supporting XSAVE feature 0x004: 'AVX registers'
[    0.000000] x86/fpu: xstate_offset[2]:  576, xstate_sizes[2]:  256
[    0.000000] x86/fpu: Enabled xstate features 0x7, context size is 832 bytes, using 'standard' format.
[    0.000000] e820: BIOS-provided physical RAM map:
[    0.000000] BIOS-e820: [mem 0x0000000000000000-0x000000000009fbff] usable
[    0.000000] BIOS-e820: [mem 0x000000000009fc00-0x000000000009ffff] reserved
[    0.000000] BIOS-e820: [mem 0x00000000000f0000-0x00000000000fffff] reserved
[    0.000000] BIOS-e820: [mem 0x0000000000100000-0x000000003ffeffff] usable
[    0.000000] BIOS-e820: [mem 0x000000003fff0000-0x000000003fffffff] ACPI data
[    0.000000] BIOS-e820: [mem 0x00000000fec00000-0x00000000fec00fff] reserved
[    0.000000] BIOS-e820: [mem 0x00000000fee00000-0x00000000fee00fff] reserved
[    0.000000] BIOS-e820: [mem 0x00000000fffc0000-0x00000000ffffffff] reserved
[    0.000000] NX (Execute Disable) protection: active
[    0.000000] SMBIOS 2.5 present.
[    0.000000] DMI: innotek GmbH VirtualBox/VirtualBox, BIOS VirtualBox 12/01/2006
[    0.000000] Hypervisor detected: KVM
[    0.000000] e820: last_pfn = 0x3fff0 max_arch_pfn = 0x400000000
[    0.000000] MTRR: Disabled
[    0.000000] x86/PAT: MTRRs disabled, skipping PAT initialization too.
[    0.000000] CPU MTRRs all blank - virtualized system.
[    0.000000] x86/PAT: Configuration [0-7]: WB  WT  UC- UC  WB  WT  UC- UC  
[    0.000000] found SMP MP-table at [mem 0x0009fff0-0x0009ffff]
[    0.000000] Scanning 1 areas for low memory corruption
[    0.000000] RAMDISK: [mem 0x35a6f000-0x36d2efff]
[    0.000000] ACPI: Early table checksum verification disabled
[    0.000000] ACPI: RSDP 0x00000000000E0000 000024 (v02 VBOX  )
[    0.000000] ACPI: XSDT 0x000000003FFF0030 00003C (v01 VBOX   VBOXXSDT 00000001 ASL  00000061)
[    0.000000] ACPI: FACP 0x000000003FFF00F0 0000F4 (v04 VBOX   VBOXFACP 00000001 ASL  00000061)
[    0.000000] ACPI: DSDT 0x000000003FFF0470 0022EA (v02 VBOX   VBOXBIOS 00000002 INTL 20100528)
[    0.000000] ACPI: FACS 0x000000003FFF0200 000040
[    0.000000] ACPI: FACS 0x000000003FFF0200 000040
[    0.000000] ACPI: APIC 0x000000003FFF0240 00005C (v02 VBOX   VBOXAPIC 00000001 ASL  00000061)
[    0.000000] ACPI: SSDT 0x000000003FFF02A0 0001CC (v01 VBOX   VBOXCPUT 00000002 INTL 20100528)
[    0.000000] No NUMA configuration found
[    0.000000] Faking a node at [mem 0x0000000000000000-0x000000003ffeffff]
[    0.000000] NODE_DATA(0) allocated [mem 0x3ffc5000-0x3ffeffff]
[    0.000000] kvm-clock: cpu 0, msr 0:3ff44001, primary cpu clock
[    0.000000] kvm-clock: Using msrs 4b564d01 and 4b564d00
[    0.000000] kvm-clock: using sched offset of 3392157732 cycles
[    0.000000] clocksource: kvm-clock: mask: 0xffffffffffffffff max_cycles: 0x1cd42e4dffb, max_idle_ns: 881590591483 ns
[    0.000000] Zone ranges:
[    0.000000]   DMA      [mem 0x0000000000001000-0x0000000000ffffff]
[    0.000000]   DMA32    [mem 0x0000000001000000-0x000000003ffeffff]
[    0.000000]   Normal   empty
[    0.000000]   Device   empty
[    0.000000] Movable zone start for each node
[    0.000000] Early memory node ranges
[    0.000000]   node   0: [mem 0x0000000000001000-0x000000000009efff]
[    0.000000]   node   0: [mem 0x0000000000100000-0x000000003ffeffff]
[    0.000000] Reserved but unavailable: 98 pages
[    0.000000] Initmem setup node 0 [mem 0x0000000000001000-0x000000003ffeffff]
[    0.000000] ACPI: PM-Timer IO Port: 0x4008
[    0.000000] IOAPIC[0]: apic_id 2, version 32, address 0xfec00000, GSI 0-23
[    0.000000] ACPI: INT_SRC_OVR (bus 0 bus_irq 0 global_irq 2 dfl dfl)
[    0.000000] ACPI: INT_SRC_OVR (bus 0 bus_irq 9 global_irq 9 low level)
[    0.000000] Using ACPI (MADT) for SMP configuration information
[    0.000000] smpboot: Allowing 2 CPUs, 0 hotplug CPUs
[    0.000000] PM: Registered nosave memory: [mem 0x00000000-0x00000fff]
[    0.000000] PM: Registered nosave memory: [mem 0x0009f000-0x0009ffff]
[    0.000000] PM: Registered nosave memory: [mem 0x000a0000-0x000effff]
[    0.000000] PM: Registered nosave memory: [mem 0x000f0000-0x000fffff]
[    0.000000] e820: [mem 0x40000000-0xfebfffff] available for PCI devices
[    0.000000] Booting paravirtualized kernel on KVM
[    0.000000] clocksource: refined-jiffies: mask: 0xffffffff max_cycles: 0xffffffff, max_idle_ns: 7645519600211568 ns
[    0.000000] random: get_random_bytes called from start_kernel+0x99/0x4fd with crng_init=0
[    0.000000] setup_percpu: NR_CPUS:8192 nr_cpumask_bits:2 nr_cpu_ids:2 nr_node_ids:1
[    0.000000] percpu: Embedded 45 pages/cpu s147456 r8192 d28672 u1048576
[    0.000000] PV qspinlock hash table entries: 256 (order: 0, 4096 bytes)
[    0.000000] Built 1 zonelists, mobility grouping on.  Total pages: 257913
[    0.000000] Policy zone: DMA32
[    0.000000] Kernel command line: BOOT_IMAGE=/boot/vmlinuz-4.15.0-74-generic root=LABEL=cloudimg-rootfs ro console=tty1 console=ttyS0
[    0.000000] Memory: 983080K/1048120K available (12300K kernel code, 2481K rwdata, 4260K rodata, 2428K init, 2704K bss, 65040K reserved, 0K cma-reserved)
[    0.000000] SLUB: HWalign=64, Order=0-3, MinObjects=0, CPUs=2, Nodes=1
[    0.000000] ftrace: allocating 39322 entries in 154 pages
[    0.004000] Hierarchical RCU implementation.
[    0.004000] 	RCU restricting CPUs from NR_CPUS=8192 to nr_cpu_ids=2.
[    0.004000] 	Tasks RCU enabled.
[    0.004000] RCU: Adjusting geometry for rcu_fanout_leaf=16, nr_cpu_ids=2
[    0.004000] NR_IRQS: 524544, nr_irqs: 440, preallocated irqs: 16
[    0.004000] Console: colour VGA+ 80x25
[    0.004000] console [tty1] enabled
[    0.004000] console [ttyS0] enabled
[    0.004000] ACPI: Core revision 20170831
[    0.004000] ACPI: 2 ACPI AML tables successfully acquired and loaded
[    0.004000] APIC: Switch to symmetric I/O mode setup
[    0.004000] x2apic enabled
[    0.004000] Switched APIC routing to physical x2apic.
[    0.004000] ..TIMER: vector=0x30 apic1=0 pin1=2 apic2=-1 pin2=-1
[    0.004000] tsc: Detected 1992.001 MHz processor
[    0.004005] Calibrating delay loop (skipped) preset value.. 3984.00 BogoMIPS (lpj=7968004)
[    0.004987] pid_max: default: 32768 minimum: 301
[    0.005536] Security Framework initialized
[    0.006058] Yama: becoming mindful.
[    0.006491] AppArmor: AppArmor initialized
[    0.008000] Dentry cache hash table entries: 131072 (order: 8, 1048576 bytes)
[    0.008031] Inode-cache hash table entries: 65536 (order: 7, 524288 bytes)
[    0.008893] Mount-cache hash table entries: 2048 (order: 2, 16384 bytes)
[    0.012003] Mountpoint-cache hash table entries: 2048 (order: 2, 16384 bytes)
[    0.013002] Last level iTLB entries: 4KB 64, 2MB 8, 4MB 8
[    0.013608] Last level dTLB entries: 4KB 64, 2MB 0, 4MB 0, 1GB 4
[    0.014308] Spectre V1 : Mitigation: usercopy/swapgs barriers and __user pointer sanitization
[    0.015339] unchecked MSR access error: WRMSR to 0x48 (tried to write 0x0000000000000001) at rIP: 0xffffffffac26e448 (native_write_msr+0x8/0x30)
[    0.016001] Call Trace:
[    0.016564]  wrmsrl+0x16/0x20
[    0.017043]  check_bugs+0x263/0x992
[    0.017467]  ? delayacct_init+0x52/0x70
[    0.018003]  start_kernel+0x4b8/0x4fd
[    0.018448]  x86_64_start_reservations+0x24/0x26
[    0.020002]  x86_64_start_kernel+0x74/0x77
[    0.020486]  secondary_startup_64+0xa5/0xb0
[    0.021009] Spectre V2 : Mitigation: Enhanced IBRS
[    0.021556] Spectre V2 : Spectre v2 / SpectreRSB mitigation: Filling RSB on context switch
[    0.022542] Speculative Store Bypass: Vulnerable
[    0.023202] Freeing SMP alternatives memory: 36K
[    0.133112] smpboot: CPU0: Intel(R) Core(TM) i7-8565U CPU @ 1.80GHz (family: 0x6, model: 0x8e, stepping: 0xc)
[    0.134367] Performance Events: unsupported p6 CPU model 142 no PMU driver, software events only.
[    0.135533] Hierarchical SRCU implementation.
[    0.136000] NMI watchdog: Perf event create on CPU 0 failed with -2
[    0.136001] NMI watchdog: Perf NMI watchdog permanently disabled
[    0.136776] smp: Bringing up secondary CPUs ...
[    0.137366] x86: Booting SMP configuration:
[    0.137954] .... node  #0, CPUs:      #1
[    0.004000] kvm-clock: cpu 1, msr 0:3ff44041, secondary cpu clock
[    0.140013] smp: Brought up 1 node, 2 CPUs
[    0.140502] smpboot: Max logical packages: 1
[    0.141036] smpboot: Total of 2 processors activated (7968.00 BogoMIPS)
[    0.144093] devtmpfs: initialized
[    0.144656] x86/mm: Memory block size: 128MB
[    0.145331] evm: security.selinux
[    0.145923] evm: security.SMACK64
[    0.146353] evm: security.SMACK64EXEC
[    0.146844] evm: security.SMACK64TRANSMUTE
[    0.147339] evm: security.SMACK64MMAP
[    0.148002] evm: security.apparmor
[    0.148440] evm: security.ima
[    0.148837] evm: security.capability
[    0.149320] clocksource: jiffies: mask: 0xffffffff max_cycles: 0xffffffff, max_idle_ns: 7645041785100000 ns
[    0.149320] futex hash table entries: 512 (order: 3, 32768 bytes)
[    0.152010] pinctrl core: initialized pinctrl subsystem
[    0.152696] RTC time: 15:07:17, date: 01/21/20
[    0.153364] NET: Registered protocol family 16
[    0.154040] audit: initializing netlink subsys (disabled)
[    0.156014] audit: type=2000 audit(1579619242.026:1): state=initialized audit_enabled=0 res=1
[    0.157017] cpuidle: using governor ladder
[    0.157017] cpuidle: using governor menu
[    0.157159] ACPI: bus type PCI registered
[    0.157655] acpiphp: ACPI Hot Plug PCI Controller Driver version: 0.5
[    0.160066] PCI: Using configuration type 1 for base access
[    0.160748] HugeTLB registered 2.00 MiB page size, pre-allocated 0 pages
[    0.161085] ACPI: Added _OSI(Module Device)
[    0.164005] ACPI: Added _OSI(Processor Device)
[    0.164684] ACPI: Added _OSI(3.0 _SCP Extensions)
[    0.165235] ACPI: Added _OSI(Processor Aggregator Device)
[    0.166030] ACPI: Added _OSI(Linux-Dell-Video)
[    0.166682] ACPI: Added _OSI(Linux-Lenovo-NV-HDMI-Audio)
[    0.167303] ACPI: Added _OSI(Linux-HPI-Hybrid-Graphics)
[    0.168194] ACPI: Executed 1 blocks of module-level executable AML code
[    0.171077] ACPI: Interpreter enabled
[    0.171596] ACPI: (supports S0 S5)
[    0.172000] ACPI: Using IOAPIC for interrupt routing
[    0.172142] PCI: Using host bridge windows from ACPI; if necessary, use "pci=nocrs" and report a bug
[    0.173280] ACPI: Enabled 2 GPEs in block 00 to 07
[    0.178988] ACPI: PCI Root Bridge [PCI0] (domain 0000 [bus 00-ff])
[    0.179706] acpi PNP0A03:00: _OSC: OS supports [ASPM ClockPM Segments MSI]
[    0.180298] acpi PNP0A03:00: _OSC: not requesting OS control; OS requires [ExtendedConfig ASPM ClockPM MSI]
[    0.181432] acpi PNP0A03:00: fail to add MMCONFIG information, can't access extended PCI configuration space under this bridge.
[    0.183051] PCI host bridge to bus 0000:00
[    0.183565] pci_bus 0000:00: root bus resource [io  0x0000-0x0cf7 window]
[    0.184001] pci_bus 0000:00: root bus resource [io  0x0d00-0xffff window]
[    0.184849] pci_bus 0000:00: root bus resource [mem 0x000a0000-0x000bffff window]
[    0.185863] pci_bus 0000:00: root bus resource [mem 0x40000000-0xfdffffff window]
[    0.186823] pci_bus 0000:00: root bus resource [bus 00-ff]
[    0.189191] pci 0000:00:01.1: legacy IDE quirk: reg 0x10: [io  0x01f0-0x01f7]
[    0.190075] pci 0000:00:01.1: legacy IDE quirk: reg 0x14: [io  0x03f6]
[    0.190899] pci 0000:00:01.1: legacy IDE quirk: reg 0x18: [io  0x0170-0x0177]
[    0.192001] pci 0000:00:01.1: legacy IDE quirk: reg 0x1c: [io  0x0376]
[    0.201429] pci 0000:00:07.0: quirk: [io  0x4000-0x403f] claimed by PIIX4 ACPI
[    0.202329] pci 0000:00:07.0: quirk: [io  0x4100-0x410f] claimed by PIIX4 SMB
[    0.205922] ACPI: PCI Interrupt Link [LNKA] (IRQs 5 9 10 *11)
[    0.206790] ACPI: PCI Interrupt Link [LNKB] (IRQs 5 9 *10 11)
[    0.207529] ACPI: PCI Interrupt Link [LNKC] (IRQs 5 *9 10 11)
[    0.208071] ACPI: PCI Interrupt Link [LNKD] (IRQs 5 9 10 *11)
[    0.208954] SCSI subsystem initialized
[    0.209547] pci 0000:00:02.0: vgaarb: setting as boot VGA device
[    0.209547] pci 0000:00:02.0: vgaarb: VGA device added: decodes=io+mem,owns=io+mem,locks=none
[    0.209781] pci 0000:00:02.0: vgaarb: bridge control possible
[    0.212004] vgaarb: loaded
[    0.212450] ACPI: bus type USB registered
[    0.212956] usbcore: registered new interface driver usbfs
[    0.213712] usbcore: registered new interface driver hub
[    0.214370] usbcore: registered new device driver usb
[    0.215100] EDAC MC: Ver: 3.0.0
[    0.216129] PCI: Using ACPI for IRQ routing
[    0.217475] NetLabel: Initializing
[    0.217907] NetLabel:  domain hash size = 128
[    0.218414] NetLabel:  protocols = UNLABELED CIPSOv4 CALIPSO
[    0.219078] NetLabel:  unlabeled traffic allowed by default
[    0.220061] clocksource: Switched to clocksource kvm-clock
[    0.234102] VFS: Disk quotas dquot_6.6.0
[    0.234601] VFS: Dquot-cache hash table entries: 512 (order 0, 4096 bytes)
[    0.235518] AppArmor: AppArmor Filesystem Enabled
[    0.236113] pnp: PnP ACPI init
[    0.237121] pnp: PnP ACPI: found 3 devices
[    0.245223] clocksource: acpi_pm: mask: 0xffffff max_cycles: 0xffffff, max_idle_ns: 2085701024 ns
[    0.246318] NET: Registered protocol family 2
[    0.246976] TCP established hash table entries: 8192 (order: 4, 65536 bytes)
[    0.247805] TCP bind hash table entries: 8192 (order: 5, 131072 bytes)
[    0.250925] TCP: Hash tables configured (established 8192 bind 8192)
[    0.251744] UDP hash table entries: 512 (order: 2, 16384 bytes)
[    0.252460] UDP-Lite hash table entries: 512 (order: 2, 16384 bytes)
[    0.253166] NET: Registered protocol family 1
[    0.253765] pci 0000:00:00.0: Limiting direct PCI/PCI transfers
[    0.254554] pci 0000:00:01.0: Activating ISA DMA hang workarounds
[    0.255264] pci 0000:00:02.0: Video device with shadowed ROM at [mem 0x000c0000-0x000dffff]
[    0.256276] Unpacking initramfs...
[    0.527814] Freeing initrd memory: 19200K
[    0.528373] clocksource: tsc: mask: 0xffffffffffffffff max_cycles: 0x396d54029a7, max_idle_ns: 881590429682 ns
[    0.529501] platform rtc_cmos: registered platform RTC device (no PNP device found)
[    0.530412] Scanning for low memory corruption every 60 seconds
[    0.531647] Initialise system trusted keyrings
[    0.532277] Key type blacklist registered
[    0.533231] workingset: timestamp_bits=36 max_order=18 bucket_order=0
[    0.534686] zbud: loaded
[    0.535280] squashfs: version 4.0 (2009/01/31) Phillip Lougher
[    0.536107] fuse init (API version 7.26)
[    0.539600] Key type asymmetric registered
[    0.540073] Asymmetric key parser 'x509' registered
[    0.540888] Block layer SCSI generic (bsg) driver version 0.4 loaded (major 246)
[    0.541811] io scheduler noop registered
[    0.542348] io scheduler deadline registered
[    0.542841] io scheduler cfq registered (default)
[    0.543644] ACPI: AC Adapter [AC] (on-line)
[    0.544179] input: Power Button as /devices/LNXSYSTM:00/LNXPWRBN:00/input/input0
[    0.545547] ACPI: Power Button [PWRF]
[    0.546503] input: Sleep Button as /devices/LNXSYSTM:00/LNXSLPBN:00/input/input1
[    0.547361] ACPI: Sleep Button [SLPF]
[    0.548536] ACPI: Battery Slot [BAT0] (battery present)
[    0.549337] Serial: 8250/16550 driver, 32 ports, IRQ sharing enabled
[    0.570847] 00:02: ttyS0 at I/O 0x3f8 (irq = 4, base_baud = 115200) is a 16550A
[    0.573794] Linux agpgart interface v0.103
[    0.575225] loop: module loaded
[    0.576029] scsi host0: ata_piix
[    0.576543] scsi host1: ata_piix
[    0.576986] ata1: PATA max UDMA/33 cmd 0x1f0 ctl 0x3f6 bmdma 0xd000 irq 14
[    0.577901] ata2: PATA max UDMA/33 cmd 0x170 ctl 0x376 bmdma 0xd008 irq 15
[    0.578985] libphy: Fixed MDIO Bus: probed
[    0.579595] tun: Universal TUN/TAP device driver, 1.6
[    0.580416] PPP generic driver version 2.4.2
[    0.581114] ehci_hcd: USB 2.0 'Enhanced' Host Controller (EHCI) Driver
[    0.582622] ehci-pci: EHCI PCI platform driver
[    0.583087] ehci-platform: EHCI generic platform driver
[    0.583705] ohci_hcd: USB 1.1 'Open' Host Controller (OHCI) Driver
[    0.584383] ohci-pci: OHCI PCI platform driver
[    0.584847] ohci-platform: OHCI generic platform driver
[    0.585451] uhci_hcd: USB Universal Host Controller Interface driver
[    0.586143] i8042: PNP: PS/2 Controller [PNP0303:PS2K,PNP0f03:PS2M] at 0x60,0x64 irq 1,12
[    0.587387] serio: i8042 KBD port at 0x60,0x64 irq 1
[    0.587907] serio: i8042 AUX port at 0x60,0x64 irq 12
[    0.588744] mousedev: PS/2 mouse device common for all mice
[    0.589993] rtc_cmos rtc_cmos: rtc core: registered rtc_cmos as rtc0
[    0.590717] input: AT Translated Set 2 keyboard as /devices/platform/i8042/serio0/input/input2
[    0.591863] rtc_cmos rtc_cmos: alarms up to one day, 114 bytes nvram
[    0.593005] i2c /dev entries driver
[    0.593451] device-mapper: uevent: version 1.0.3
[    0.594065] device-mapper: ioctl: 4.37.0-ioctl (2017-09-20) initialised: dm-devel@redhat.com
[    0.595018] ledtrig-cpu: registered to indicate activity on CPUs
[    0.596066] NET: Registered protocol family 10
[    0.598705] Segment Routing with IPv6
[    0.599204] NET: Registered protocol family 17
[    0.599726] Key type dns_resolver registered
[    0.600454] mce: Using 0 MCE banks
[    0.600952] RAS: Correctable Errors collector initialized.
[    0.601556] sched_clock: Marking stable (600422474, 0)->(723778425, -123355951)
[    0.602666] registered taskstats version 1
[    0.603166] Loading compiled-in X.509 certificates
[    0.604996] Loaded X.509 cert 'Build time autogenerated kernel key: 62d24f9c726e026b112735485dad6e6e4b50c923'
[    0.606101] zswap: loaded using pool lzo/zbud
[    0.608378] Key type big_key registered
[    0.608865] Key type trusted registered
[    0.610188] Key type encrypted registered
[    0.610779] AppArmor: AppArmor sha1 policy hashing enabled
[    0.611386] ima: No TPM chip found, activating TPM-bypass! (rc=-19)
[    0.612307] ima: Allocated hash algorithm: sha1
[    0.612917] evm: HMAC attrs: 0x1
[    0.613448]   Magic number: 4:203:134
[    0.613950] pci 0000:00:03.0: hash matches
[    0.614568] rtc_cmos rtc_cmos: setting system clock to 2020-01-21 15:07:18 UTC (1579619238)
[    0.615617] BIOS EDD facility v0.16 2004-Jun-25, 0 devices found
[    0.616517] EDD information not available.
[    0.793440] Freeing unused kernel image memory: 2428K
[    0.818692] Write protecting the kernel read-only data: 20480k
[    0.820760] Freeing unused kernel image memory: 2008K
[    0.821994] Freeing unused kernel image memory: 1884K
[    0.831234] x86/mm: Checked W+X mappings: passed, no W+X pages found.
Loading, please wait...
starting version 237
[    0.880018] e1000: Intel(R) PRO/1000 Network Driver - version 7.3.21-k8-NAPI
[    0.881087] e1000: Copyright (c) 1999-2006 Intel Corporation.
[    0.881909] Fusion MPT base driver 3.04.20
[    0.882530] Copyright (c) 1999-2008 LSI Corporation
[    0.905916] Fusion MPT SPI Host driver 3.04.20
[    0.909203] AVX2 version of gcm_enc/dec engaged.
[    0.909886] AES CTR mode by8 optimization enabled
[    1.125908] input: ImExPS/2 Generic Explorer Mouse as /devices/platform/i8042/serio1/input/input4
[    1.248259] e1000 0000:00:03.0 eth0: (PCI:33MHz:32-bit) 02:22:e7:1f:39:14
[    1.249251] e1000 0000:00:03.0 eth0: Intel(R) PRO/1000 Network Connection
[    1.250820] mptbase: ioc0: Initiating bringup
[    1.251324] e1000 0000:00:03.0 enp0s3: renamed from eth0
[    1.451132] ioc0: LSI53C1030 A0: Capabilities={Initiator}
[    2.023999] scsi host2: ioc0: LSI53C1030 A0, FwRev=00000000h, Ports=1, MaxQ=256, IRQ=20
[    2.541518] scsi 2:0:0:0: Direct-Access     VBOX     HARDDISK         1.0  PQ: 0 ANSI: 5
[    2.907267] scsi target2:0:0: Beginning Domain Validation
[    2.910160] scsi target2:0:0: Domain Validation skipping write tests
[    2.911047] scsi target2:0:0: Ending Domain Validation
[    2.912884] scsi target2:0:0: asynchronous
[    2.914133] scsi 2:0:1:0: Direct-Access     VBOX     HARDDISK         1.0  PQ: 0 ANSI: 5
[    3.248565] scsi target2:0:1: Beginning Domain Validation
[    3.251201] random: fast init done
[    3.251731] scsi target2:0:1: Domain Validation skipping write tests
[    3.252737] scsi target2:0:1: Ending Domain Validation
[    3.253494] scsi target2:0:1: asynchronous
[    3.257788] random: systemd-udevd: uninitialized urandom read (16 bytes read)
[    3.258844] random: systemd-udevd: uninitialized urandom read (16 bytes read)
[    3.259746] random: systemd-udevd: uninitialized urandom read (16 bytes read)
[    3.260924] sd 2:0:0:0: Attached scsi generic sg0 type 0
[    3.262071] sd 2:0:0:0: [sda] 20971520 512-byte logical blocks: (10.7 GB/10.0 GiB)
[    3.263330] sd 2:0:1:0: Attached scsi generic sg1 type 0
[    3.263350] sd 2:0:0:0: [sda] Write Protect is off
[    3.265164] sd 2:0:1:0: [sdb] 20480 512-byte logical blocks: (10.5 MB/10.0 MiB)
[    3.266254] sd 2:0:1:0: [sdb] Write Protect is off
[    3.266918] sd 2:0:0:0: [sda] Incomplete mode parameter data
[    3.267700] sd 2:0:0:0: [sda] Assuming drive cache: write through
[    3.268763] sd 2:0:1:0: [sdb] Incomplete mode parameter data
[    3.269448] sd 2:0:1:0: [sdb] Assuming drive cache: write through
[    3.279225]  sda: sda1
[    3.281607] sd 2:0:0:0: [sda] Attached SCSI disk
[    3.282282] sd 2:0:1:0: [sdb] Attached SCSI disk
Begin: Loading essential drivers ... [    4.628443] raid6: sse2x1   gen() 14611 MB/s
[    4.676267] raid6: sse2x1   xor()  8328 MB/s
[    4.724091] raid6: sse2x2   gen() 17965 MB/s
[    4.772010] raid6: sse2x2   xor() 11418 MB/s
[    4.820781] raid6: sse2x4   gen() 18466 MB/s
[    4.868540] raid6: sse2x4   xor() 10837 MB/s
[    4.916364] raid6: avx2x1   gen() 22769 MB/s
[    4.964186] raid6: avx2x1   xor() 16359 MB/s
[    5.012042] raid6: avx2x2   gen() 31076 MB/s
[    5.060832] raid6: avx2x2   xor() 18211 MB/s
[    5.108610] raid6: avx2x4   gen() 27872 MB/s
[    5.156511] raid6: avx2x4   xor() 20076 MB/s
[    5.157089] raid6: using algorithm avx2x2 gen() 31076 MB/s
[    5.157869] raid6: .... xor() 18211 MB/s, rmw enabled
[    5.158590] raid6: using avx2x2 recovery algorithm
[    5.160506] xor: automatically using best checksumming function   avx       
[    5.162227] async_tx: api initialized (async)
done.
Begin: Running /scripts/init-premount ... done.
Begin: Mounting root file system ... Begin: Running /scripts/local-top ... done.
Begin: Running /scripts/local-premount ... [    5.193484] Btrfs loaded, crc32c=crc32c-intel
Scanning for Btrfs filesystems
done.
Warning: fsck not present, so skipping root file system
[    5.228298] EXT4-fs (sda1): mounted filesystem with ordered data mode. Opts: (null)
done.
Begin: Running /scripts/local-bottom ... done.
Begin: Running /scripts/init-bottom ... done.
[    5.359091] ip_tables: (C) 2000-2006 Netfilter Core Team
[    5.365079] systemd[1]: systemd 237 running in system mode. (+PAM +AUDIT +SELINUX +IMA +APPARMOR +SMACK +SYSVINIT +UTMP +LIBCRYPTSETUP +GCRYPT +GNUTLS +ACL +XZ +LZ4 +SECCOMP +BLKID +ELFUTILS +KMOD -IDN2 +IDN -PCRE2 default-hierarchy=hybrid)
[    5.367971] systemd[1]: Detected virtualization oracle.
[    5.368689] systemd[1]: Detected architecture x86-64.

Welcome to [1mUbuntu 18.04.3 LTS[0m!

[    5.372620] systemd[1]: Set hostname to <ubuntu>.
[    5.376684] systemd[1]: Initializing machine ID from random generator.
[    5.377546] systemd[1]: Installed transient /etc/machine-id file.
[    5.566729] systemd[1]: Started Forward Password Requests to Wall Directory Watch.
[[0;32m  OK  [0m] Started Forward Password Requests to Wall Directory Watch.
[    5.568740] systemd[1]: Reached target Swap.
[[0;32m  OK  [0m] Reached target Swap.
[    5.570890] systemd[1]: Created slice User and Session Slice.
[[0;32m  OK  [0m] Created slice User and Session Slice.
[    5.572044] systemd[1]: Reached target System Time Synchronized.
[[0;32m  OK  [0m] Reached target System Time Synchronized.
[[0;32m  OK  [0m] Reached target User and Group Name Lookups.
[[0;32m  OK  [0m] Set up automount Arbitrary Executab…rmats File System Automount Point.
[[0;32m  OK  [0m] Created slice System Slice.
[[0;32m  OK  [0m] Listening on udev Control Socket.
[[0;32m  OK  [0m] Listening on LVM2 metadata daemon socket.
[[0;32m  OK  [0m] Created slice system-serial\x2dgetty.slice.
[[0;32m  OK  [0m] Listening on Network Service Netlink Socket.
[[0;32m  OK  [0m] Listening on /dev/initctl Compatibility Named Pipe.
[[0;32m  OK  [0m] Listening on Device-mapper event daemon FIFOs.
[[0;32m  OK  [0m] Listening on udev Kernel Socket.
[[0;32m  OK  [0m] Listening on Journal Audit Socket.
[[0;32m  OK  [0m] Listening on Syslog Socket.
[[0;32m  OK  [0m] Listening on Journal Socket.
         Starting udev Coldplug all Devices...
         Starting Load Kernel Modules...
         Mounting POSIX Message Queue File System...
[    5.606582] Loading iSCSI transport class v2.0-870.
[[0;32m  OK  [0m] Listening on Journal Socket (/dev/log).
         Starting Journal Service...
[    5.612182] iscsi: registered transport (tcp)
[[0;32m  OK  [0m] Listening on LVM2 poll daemon socket.
         Starting Set the console keyboard layout...
[    5.625297] iscsi: registered transport (iser)
         Starting Remount Root and Kernel File Systems...
         Mounting Kernel Debug File System...
         Starting Uncomplicated firewall...
[[0;32m  OK  [0m] Reached target Slices.
         Starting Monitoring of LVM2 mirrors…ng dmeventd or progress polling...
[    5.671239] EXT4-fs (sda1): re-mounted. Opts: (null)
         Starting Create list of required st…ce nodes for the current kernel...
         Mounting Huge Pages File System...
[[0;32m  OK  [0m] Started Journal Service.
[[0;32m  OK  [0m] Started Load Kernel Modules.
[[0;32m  OK  [0m] Mounted POSIX Message Queue File System.
[[0;32m  OK  [0m] Started Remount Root and Kernel File Systems.
[[0;32m  OK  [0m] Mounted Kernel Debug File System.
[[0;32m  OK  [0m] Started Set the console keyboard layout.
[[0;32m  OK  [0m] Started Uncomplicated firewall.
[[0;32m  OK  [0m] Started Create list of required sta…vice nodes for the current kernel.
[[0;32m  OK  [0m] Mounted Huge Pages File System.
[[0;32m  OK  [0m] Started udev Coldplug all Devices.
[[0;32m  OK  [0m] Started LVM2 metadata daemon.
         Starting Create Static Device Nodes in /dev...
         Starting Load/Save Random Seed...
         Starting Apply Kernel Variables...
         Mounting Kernel Configuration File System...
         Mounting FUSE Control File System...
         Starting Flush Journal to Persistent Storage...
[[0;32m  OK  [0m] Started Monitoring of LVM2 mirrors,…sing dmeventd or progress polling.
[[0;32m  OK  [0m] Started Create Static Device Nodes in /dev.
[[0;32m  OK  [0m] Started Load/Save Random Seed.
[[0;32m  OK  [0m] Started Apply Kernel Variables.
[[0;32m  OK  [0m] Mounted Kernel Configuration File System.
[[0;32m  OK  [0m] Mounted FUSE Control File System.
         Starting udev Kernel Device Manager...
[[0;32m  OK  [0m] Reached target Local File Systems (Pre).
[[0;32m  OK  [0m] Reached target Local File Systems.
         Starting Commit a transient machine-id on disk...
         Starting Set console font and keymap...
         Starting Tell Plymouth To Write Out Runtime Data...
         Starting AppArmor initialization...
         Starting ebtables ruleset management...
[[0;32m  OK  [0m] Started udev Kernel Device Manager.
[[0;32m  OK  [0m] Started Flush Journal to Persistent Storage.
[[0;32m  OK  [0m] Started Set console font and keymap.
         Starting Create Volatile Files and Directories...
[[0;32m  OK  [0m] Started Dispatch Password Requests to Console Directory Watch.
[[0;32m  OK  [0m] Reached target Local Encrypted Volumes.
[[0;32m  OK  [0m] Started Tell Plymouth To Write Out Runtime Data.
[[0;32m  OK  [0m] Started Commit a transient machine-id on disk.
[[0;32m  OK  [0m] Started Create Volatile Files and Directories.
         Starting Update UTMP about System Boot/Shutdown...
[[0;32m  OK  [0m] Started Update UTMP about System Boot/Shutdown.
[[0;32m  OK  [0m] Started ebtables ruleset management.
[[0;32m  OK  [0m] Found device /dev/ttyS0.
[[0;32m  OK  [0m] Listening on Load/Save RF Kill Switch Status /dev/rfkill Watch.
[[0;32m  OK  [0m] Started AppArmor initialization.
         Starting Initial cloud-init job (pre-networking)...
[    7.491791] cloud-init[553]: Cloud-init v. 19.3-41-gc4735dd3-0ubuntu1~18.04.1 running 'init-local' at Tue, 21 Jan 2020 15:07:25 +0000. Up 7.22 seconds.
[[0;32m  OK  [0m] Started Initial cloud-init job (pre-networking).
[[0;32m  OK  [0m] Reached target Network (Pre).
         Starting Network Service...
[[0;32m  OK  [0m] Started Network Service.
         Starting Wait for Network to be Configured...
         Starting Network Name Resolution...
[[0;32m  OK  [0m] Started Network Name Resolution.
[[0;32m  OK  [0m] Reached target Host and Network Name Lookups.
[[0;32m  OK  [0m] Reached target Network.
[[0;32m  OK  [0m] Started Wait for Network to be Configured.
         Starting Initial cloud-init job (metadata service crawler)...
[    9.712668] cloud-init[674]: Cloud-init v. 19.3-41-gc4735dd3-0ubuntu1~18.04.1 running 'init' at Tue, 21 Jan 2020 15:07:27 +0000. Up 9.60 seconds.
[    9.724473] cloud-init[674]: ci-info: ++++++++++++++++++++++++++++++++++++++Net device info++++++++++++++++++++++++++++++++++++++
[    9.740455] cloud-init[674]: ci-info: +--------+------+----------------------------+---------------+--------+-------------------+
[    9.741453] cloud-init[674]: ci-info: | Device |  Up  |          Address           |      Mask     | Scope  |     Hw-Address    |
[    9.742399] cloud-init[674]: ci-info: +--------+------+----------------------------+---------------+--------+-------------------+
[    9.743540] cloud-init[674]: ci-info: | enp0s3 | True |         10.0.2.15          | 255.255.255.0 | global | 02:22:e7:1f:39:14 |
[    9.744720] cloud-init[674]: ci-info: | enp0s3 | True | fe80::22:e7ff:fe1f:3914/64 |       .       |  link  | 02:22:e7:1f:39:14 |
[    9.745888] cloud-init[674]: ci-info: |   lo   | True |         127.0.0.1          |   255.0.0.0   |  host  |         .         |
[    9.747093] cloud-init[674]: ci-info: |   lo   | True |          ::1/128           |       .       |  host  |         .         |
[    9.748153] cloud-init[674]: ci-info: +--------+------+----------------------------+---------------+--------+-------------------+
[    9.749280] cloud-init[674]: ci-info: ++++++++++++++++++++++++++++Route IPv4 info+++++++++++++++++++++++++++++
[    9.750236] cloud-init[674]: ci-info: +-------+-------------+----------+-----------------+-----------+-------+
[    9.751277] cloud-init[674]: ci-info: | Route | Destination | Gateway  |     Genmask     | Interface | Flags |
[    9.752543] cloud-init[674]: ci-info: +-------+-------------+----------+-----------------+-----------+-------+
[    9.753516] cloud-init[674]: ci-info: |   0   |   0.0.0.0   | 10.0.2.2 |     0.0.0.0     |   enp0s3  |   UG  |
[    9.754438] cloud-init[674]: ci-info: |   1   |   10.0.2.0  | 0.0.0.0  |  255.255.255.0  |   enp0s3  |   U   |
[    9.755622] cloud-init[674]: ci-info: |   2   |   10.0.2.2  | 0.0.0.0  | 255.255.255.255 |   enp0s3  |   UH  |
[    9.756656] cloud-init[674]: ci-info: +-------+-------------+----------+-----------------+-----------+-------+
[    9.757577] cloud-init[674]: ci-info: +++++++++++++++++++Route IPv6 info+++++++++++++++++++
[    9.758384] cloud-init[674]: ci-info: +-------+-------------+---------+-----------+-------+
[    9.759172] cloud-init[674]: ci-info: | Route | Destination | Gateway | Interface | Flags |
[    9.759955] cloud-init[674]: ci-info: +-------+-------------+---------+-----------+-------+
[    9.760767] cloud-init[674]: ci-info: |   1   |  fe80::/64  |    ::   |   enp0s3  |   U   |
[    9.761586] cloud-init[674]: ci-info: |   3   |    local    |    ::   |   enp0s3  |   U   |
[    9.762539] cloud-init[674]: ci-info: |   4   |   ff00::/8  |    ::   |   enp0s3  |   U   |
[    9.763310] cloud-init[674]: ci-info: +-------+-------------+---------+-----------+-------+
[   10.299422] cloud-init[674]: Generating public/private rsa key pair.
[   10.300125] cloud-init[674]: Your identification has been saved in /etc/ssh/ssh_host_rsa_key.
[   10.300941] cloud-init[674]: Your public key has been saved in /etc/ssh/ssh_host_rsa_key.pub.
[   10.312222] cloud-init[674]: The key fingerprint is:
[   10.324493] cloud-init[674]: SHA256:E45m34EzMp62oAM2todD18mRVwknolgRGQKj8KIdclU root@ubuntu-bionic
[   10.325353] cloud-init[674]: The key's randomart image is:
[[   10.336930] [0;32m  OK  [0mcloud-init] [674]: Started Initial cloud-init job (metadata service crawler).+---[RSA 2048]----+

[   10.337027] cloud-init[674]: |=. =*oEo...      |
[   10.337138] cloud-init[674]: |oo+o. . oo       |
[   10.337351] cloud-init[674]: |+.+.  . o        |
[   10.339044] cloud-init[674]: |.= . o + o       |
[   10.339576] cloud-init[674]: |. . o X S .      |
[   10.339627] cloud-init[[674]: [0;32m  OK  [0m|.= . B = = .     |] 
Reached target Network is Online.
[   10.339707] cloud-init[674]: |+.= . + . .      |
[   10.341403] cloud-init[674]: | +.o o .         |
[[   10.342132] cloud-init[674]: |  +.  .          |
[   10.342181] cloud-init[674]: +----[SHA256]-----+
[   10.342515] cloud-init[674]: Generating public/private dsa key pair.
[   10.342828] cloud-init[674]: Your identification has been saved in /etc/ssh/ssh_host_dsa_key.
[   10.343149] cloud-init[674]: Your public key has been saved in /etc/ssh/ssh_host_dsa_key.pub.
[   10.343504] cloud-init[674]: The key fingerprint is:
[   10.343837] cloud-init[674]: SHA256:s2e8RBAFXVK44ujM/+OwCFTRSzkF+y0VONSP/jRN42Q root@ubuntu-bionic
[   10.344281] cloud-init[674]: The key's randomart image is:
[   10.344598] cloud-init[674]: +---[DSA 1024]----+
[   10.344915] cloud-init[674]: |      ..+O=*+    |
[   10.345234] cloud-init[674]: |       .=o=...   |
[   10.345562] cloud-init[674]: |      ..oo o.o   |
[   10.345878] cloud-init[674]: |     .  oo.o. .E.|
[   10.346093] cloud-init[674]: |    .  oS.+.. +o.|
[   10.346306] cloud-init[674]: |   .  . .= .. o..|
[   10.346681] cloud-init[674]: |    .+  o =  o . |
[   10.346891] cloud-init[674]: |     .+. *..  .  |
[   10.347105] cloud-init[674]: |      ..oo+.     |
[   10.347317] cloud-init[674]: +----[SHA256]-----+
[   10.347647] cloud-init[674]: Generating public/private ecdsa key pair.
[   10.347861] cloud-init[674]: Your identification has been saved in /etc/ssh/ssh_host_ecdsa_key.
[   10.348298] cloud-init[674]: Your public key has been saved in /etc/ssh/ssh_host_ecdsa_key.pub.
[   10.348617] cloud-init[674]: The key fingerprint is:
[   10.348827] cloud-init[674]: SHA256:b362KJjQZ72nlqnbUZKjVJ9wz5bHcNxWxBsAGRz86rc root@ubuntu-bionic
[   10.349045] cloud-init[674]: The key's randomart image is:
[   10.349257] cloud-init[674]: +---[ECDSA 256]---+
[   10.349582] cloud-init[674]: |          o+=..oo|
[   10.349794] cloud-init[674]: |           +   o+|
[   10.350011] cloud-init[674]: |          o o . B|
[   10.350227] cloud-init[674]: |         . = = B |
[   10.350552] cloud-init[674]: |     .  S.+ = = o|
[   10.350764] cloud-init[674]: |    . ..oo.= . . |
[   10.350981] cloud-init[674]: |     . =. =+     |
[   10.351193] cloud-init[674]: |      o .+=++.   |
[   10.351564] cloud-init[674]: |        o===oE.  |
[   10.351879] cloud-init[674]: +----[SHA256]-----+
[   10.352334] cloud-init[674]: Generating public/private ed25519 key pair.
[   10.352650] cloud-init[674]: Your identification has been saved in /etc/ssh/ssh_host_ed25519_key.
[   10.352968] cloud-init[674]: Your public key has been saved in /etc/ssh/ssh_host_ed25519_key.pub.
[   10.353181] cloud-init[674]: The key fingerprint is:
[   10.353550] cloud-init[674]: SHA256:tN4x8uWZI25J3UctRdbAKorBeCxJtTeBLZIDq7t+61E root@ubuntu-bionic
[   10.353765] cloud-init[674]: The key's randomart image is:
[   10.353975] cloud-init[674]: +--[ED25519 256]--+
[   10.354201] cloud-init[674]: |  .. o.o.    ..o+|
[   10.354514] cloud-init[674]: |   .= o...    ..o|
[   10.354729] cloud-init[674]: |  .. B..+    . ..|
[   10.354941] cloud-init[674]: | .  + =o o. . . o|
[   10.355185] cloud-init[674]: |.    E oS.oo.. o |
[   10.355523] cloud-init[674]: | .  . ...+.=.o. .|
[   10.355736] cloud-init[674]: |.  .    ..+.=  . |
[   10.355949] cloud-init[674]: | . ..    .o. .   |
[   10.356293] cloud-init[674]: |o.oo.    ..      |
[   10.356601] cloud-init[674]: +----[SHA256]-----+
[0;32m  OK  [0m] Reached target Remote File Systems (Pre).
[[0;32m  OK  [0m] Reached target Remote File Systems.
         Starting Availability of block devices...
[[0;32m  OK  [0m] Reached target Cloud-config availability.
[[0;32m  OK  [0m] Reached target System Initialization.
         Starting Socket activation for snappy daemon.
[[0;32m  OK  [0m] Started Discard unused blocks once a week.
[[0;32m  OK  [0m] Listening on ACPID Listen Socket.
[[0;32m  OK  [0m] Started Message of the Day.
[[0;32m  OK  [0m] Started Daily apt download activities.
[[0;32m  OK  [0m] Started Daily apt upgrade and clean activities.
[[0;32m  OK  [0m] Started Daily Cleanup of Temporary Directories.
[[0;32m  OK  [0m] Reached target Timers.
         Starting LXD - unix socket.
[[0;32m  OK  [0m] Listening on UUID daemon activation socket.
[[0;32m  OK  [0m] Listening on D-Bus System Message Bus Socket.
[[0;32m  OK  [0m] Listening on Open-iSCSI iscsid Socket.
[[0;32m  OK  [0m] Started ACPI Events Check.
[[0;32m  OK  [0m] Reached target Paths.
[[0;32m  OK  [0m] Started Availability of block devices.
[[0;32m  OK  [0m] Listening on Socket activation for snappy daemon.
[[0;32m  OK  [0m] Listening on LXD - unix socket.
[[0;32m  OK  [0m] Reached target Sockets.
[[0;32m  OK  [0m] Reached target Basic System.
         Starting Virtualbox guest utils...
[[0;32m  OK  [0m] Started Deferred execution scheduler.
[[0;32m  OK  [0m] Started D-Bus System Message Bus.
         Starting System Logging Service...
         Starting Login Service...
         Starting LSB: Record successful boot for GRUB...
         Starting LSB: automatic crash report generation...
[[0;32m  OK  [0m] Started Regular background program processing daemon.
         Starting Accounts Service...
[[0;32m  OK  [0m] Started irqbalance daemon.
         Starting LXD - container startup/shutdown...
         Starting Dispatcher daemon for systemd-networkd...
         Starting Permit User Sessions...
[[0;32m  OK  [0m] Started FUSE filesystem for LXC.
         Starting Pollinate to seed the pseudo random number generator...
         Starting Snappy daemon...
[[0;32m  OK  [0m] Started System Logging Service.
[[0;32m  OK  [0m] Started Permit User Sessions.
[[0;32m  OK  [0m] Started Login Service.
[[0;32m  OK  [0m] Started LXD - container startup/shutdown.
         Starting Authorization Manager...
[[0;32m  OK  [0m] Started Unattended Upgrades Shutdown.
         Starting Terminate Plymouth Boot Screen...
         Starting Hold until boot process finishes up...
[[0;32m  OK  [0m] Started Hold until boot process finishes up.
[[0;32m  OK  [0m] Started Terminate Plymouth Boot Screen.
         Starting Set console scheme...
[[0;32m  OK  [0m] Started Serial Getty on ttyS0.
[[0;32m  OK  [0m] Started Set console scheme.
[[0;32m  OK  [0m] Started LSB: automatic crash report generation.
[[0;32m  OK  [0m] Created slice system-getty.slice.
[[0;32m  OK  [0m] Started Getty on tty1.
[[0;32m  OK  [0m] Reached target Login Prompts.
[[0;32m  OK  [0m] Started LSB: Record successful boot for GRUB.
[[0;32m  OK  [0m] Started Authorization Manager.
[[0;32m  OK  [0m] Started Accounts Service.
[[0;32m  OK  [0m] Started Virtualbox guest utils.
[[0;32m  OK  [0m] Started Dispatcher daemon for systemd-networkd.
[[0;32m  OK  [0m] Started Snappy daemon.
         Starting Wait until snapd is fully seeded...
[[0;32m  OK  [0m] Started Pollinate to seed the pseudo random number generator.
         Starting OpenBSD Secure Shell server...
[[0;32m  OK  [0m] Started OpenBSD Secure Shell server.
[[0;32m  OK  [0m] Created slice User Slice of vagrant.
         Starting User Manager for UID 1000...
[[0;32m  OK  [0m] Started Session 1 of user vagrant.
[[0;32m  OK  [0m] Started User Manager for UID 1000.
[[0;32m  OK  [0m] Started Wait until snapd is fully seeded.
[[0;32m  OK  [0m] Reached target Multi-User System.
[[0;32m  OK  [0m] Reached target Graphical Interface.
         Starting Update UTMP about System Runlevel Changes...
         Starting Apply the settings specified in cloud-config...
[[0;32m  OK  [0m] Started Update UTMP about System Runlevel Changes.
[   16.294771] cloud-init[1616]: Cloud-init v. 19.3-41-gc4735dd3-0ubuntu1~18.04.1 running 'modules:config' at Tue, 21 Jan 2020 15:07:33 +0000. Up 15.94 seconds.
ci-info: no authorized ssh keys fingerprints found for user ubuntu.
<14>Jan 21 15:07:34 ec2: 
<14>Jan 21 15:07:34 ec2: #############################################################
<14>Jan 21 15:07:34 ec2: -----BEGIN SSH HOST KEY FINGERPRINTS-----
<14>Jan 21 15:07:34 ec2: 1024 SHA256:s2e8RBAFXVK44ujM/+OwCFTRSzkF+y0VONSP/jRN42Q root@ubuntu-bionic (DSA)
<14>Jan 21 15:07:34 ec2: 256 SHA256:b362KJjQZ72nlqnbUZKjVJ9wz5bHcNxWxBsAGRz86rc root@ubuntu-bionic (ECDSA)
<14>Jan 21 15:07:34 ec2: 256 SHA256:tN4x8uWZI25J3UctRdbAKorBeCxJtTeBLZIDq7t+61E root@ubuntu-bionic (ED25519)
<14>Jan 21 15:07:34 ec2: 2048 SHA256:E45m34EzMp62oAM2todD18mRVwknolgRGQKj8KIdclU root@ubuntu-bionic (RSA)
<14>Jan 21 15:07:34 ec2: -----END SSH HOST KEY FINGERPRINTS-----
<14>Jan 21 15:07:34 ec2: #############################################################
-----BEGIN SSH HOST KEY KEYS-----
ecdsa-sha2-nistp256 AAAAE2VjZHNhLXNoYTItbmlzdHAyNTYAAAAIbmlzdHAyNTYAAABBBJocqrL0MHrXgfRlioNhol5A3ddbSEHnUuvJz2fMvtY+cTbe14MBWYCvaqGCW5bwbA8ht8Tpq67UVy2avxM9R+g= root@ubuntu-bionic
ssh-ed25519 AAAAC3NzaC1lZDI1NTE5AAAAIAwq/8vaXUYm0FtkZJ/Lsf/i83xG3T5jFrHBGDcKN0sD root@ubuntu-bionic
ssh-rsa AAAAB3NzaC1yc2EAAAADAQABAAABAQCyUDCbCkrAjqWQOW93ZmiSbx5i90rqiJsHGEgI9S+CRgGtTREGsrsfs+LrMa8kJSP+8Sqv1iC/5a5QZBbFl8XK+A5Iq2U78ot2ECcBd5GXBsBROpzctvdmdsTr4FlhuQSmBvBTNjXHXfHA+MwnxgkbVbI3cDIR0DYVaHGPfo3v207K+JVjduwP0mMZDu5wZ1ggEwEstuRJFZrXJnZVRI+LaHuUL5JyE81DmltScksTZet2IDoFpoa3QGrOK/pgSarsvanR+V4mP6pa4I2ca1osLe3dL6XKiVXDxmy2vGOlK3tY695eDwf7BNYzBAAyJj6CHeMU9r6Kxx3aG5L5odA9 root@ubuntu-bionic
-----END SSH HOST KEY KEYS-----
[   16.748412] cloud-init[1731]: Cloud-init v. 19.3-41-gc4735dd3-0ubuntu1~18.04.1 running 'modules:final' at Tue, 21 Jan 2020 15:07:34 +0000. Up 16.63 seconds.
[   16.748494] cloud-init[1731]: ci-info: no authorized ssh keys fingerprints found for user ubuntu.
[   16.748521] cloud-init[1731]: Cloud-init v. 19.3-41-gc4735dd3-0ubuntu1~18.04.1 finished at Tue, 21 Jan 2020 15:07:34 +0000. Datasource DataSourceNoCloud [seed=/dev/sdb][dsmode=net].  Up 16.74 seconds

Ubuntu 18.04.3 LTS ubuntu-bionic ttyS0

ubuntu-bionic login: 