[    0.000000] Initializing cgroup subsys cpuset
[    0.000000] Initializing cgroup subsys cpu
[    0.000000] Initializing cgroup subsys cpuacct
[    0.000000] Linux version 4.4.0-170-generic (buildd@lcy01-amd64-019) (gcc version 5.4.0 20160609 (Ubuntu 5.4.0-6ubuntu1~16.04.12) ) #199-Ubuntu SMP Thu Nov 14 01:45:04 UTC 2019 (Ubuntu 4.4.0-170.199-generic 4.4.200)
[    0.000000] Command line: BOOT_IMAGE=/boot/vmlinuz-4.4.0-170-generic root=LABEL=cloudimg-rootfs ro console=tty1 console=ttyS0
[    0.000000] KERNEL supported cpus:
[    0.000000]   Intel GenuineIntel
[    0.000000]   AMD AuthenticAMD
[    0.000000]   Centaur CentaurHauls
[    0.000000] x86/fpu: xstate_offset[2]:  576, xstate_sizes[2]:  256
[    0.000000] x86/fpu: Supporting XSAVE feature 0x01: 'x87 floating point registers'
[    0.000000] x86/fpu: Supporting XSAVE feature 0x02: 'SSE registers'
[    0.000000] x86/fpu: Supporting XSAVE feature 0x04: 'AVX registers'
[    0.000000] x86/fpu: Enabled xstate features 0x7, context size is 832 bytes, using 'standard' format.
[    0.000000] e820: BIOS-provided physical RAM map:
[    0.000000] BIOS-e820: [mem 0x0000000000000000-0x000000000009fbff] usable
[    0.000000] BIOS-e820: [mem 0x000000000009fc00-0x000000000009ffff] reserved
[    0.000000] BIOS-e820: [mem 0x00000000000f0000-0x00000000000fffff] reserved
[    0.000000] BIOS-e820: [mem 0x0000000000100000-0x000000003ffeffff] usable
[    0.000000] BIOS-e820: [mem 0x000000003fff0000-0x000000003fffffff] ACPI data
[    0.000000] BIOS-e820: [mem 0x00000000fec00000-0x00000000fec00fff] reserved
[    0.000000] BIOS-e820: [mem 0x00000000fee00000-0x00000000fee00fff] reserved
[    0.000000] BIOS-e820: [mem 0x00000000fffc0000-0x00000000ffffffff] reserved
[    0.000000] NX (Execute Disable) protection: active
[    0.000000] SMBIOS 2.5 present.
[    0.000000] Hypervisor detected: KVM
[    0.000000] Kernel/User page tables isolation: disabled
[    0.000000] e820: last_pfn = 0x3fff0 max_arch_pfn = 0x400000000
[    0.000000] MTRR: Disabled
[    0.000000] x86/PAT: MTRRs disabled, skipping PAT initialization too.
[    0.000000] CPU MTRRs all blank - virtualized system.
[    0.000000] x86/PAT: Configuration [0-7]: WB  WT  UC- UC  WB  WT  UC- UC  
[    0.000000] found SMP MP-table at [mem 0x0009fff0-0x0009ffff] mapped at [ffff88000009fff0]
[    0.000000] Scanning 1 areas for low memory corruption
[    0.000000] RAMDISK: [mem 0x362fa000-0x37174fff]
[    0.000000] ACPI: Early table checksum verification disabled
[    0.000000] ACPI: RSDP 0x00000000000E0000 000024 (v02 VBOX  )
[    0.000000] ACPI: XSDT 0x000000003FFF0030 00003C (v01 VBOX   VBOXXSDT 00000001 ASL  00000061)
[    0.000000] ACPI: FACP 0x000000003FFF00F0 0000F4 (v04 VBOX   VBOXFACP 00000001 ASL  00000061)
[    0.000000] ACPI: DSDT 0x000000003FFF0470 0022EA (v02 VBOX   VBOXBIOS 00000002 INTL 20100528)
[    0.000000] ACPI: FACS 0x000000003FFF0200 000040
[    0.000000] ACPI: FACS 0x000000003FFF0200 000040
[    0.000000] ACPI: APIC 0x000000003FFF0240 00005C (v02 VBOX   VBOXAPIC 00000001 ASL  00000061)
[    0.000000] ACPI: SSDT 0x000000003FFF02A0 0001CC (v01 VBOX   VBOXCPUT 00000002 INTL 20100528)
[    0.000000] No NUMA configuration found
[    0.000000] Faking a node at [mem 0x0000000000000000-0x000000003ffeffff]
[    0.000000] NODE_DATA(0) allocated [mem 0x3ffeb000-0x3ffeffff]
[    0.000000] kvm-clock: Using msrs 4b564d01 and 4b564d00
[    0.000000] kvm-clock: cpu 0, msr 0:3ffe3001, primary cpu clock
[    0.000000] kvm-clock: using sched offset of 3284888495 cycles
[    0.000000] clocksource: kvm-clock: mask: 0xffffffffffffffff max_cycles: 0x1cd42e4dffb, max_idle_ns: 881590591483 ns
[    0.000000] Zone ranges:
[    0.000000]   DMA      [mem 0x0000000000001000-0x0000000000ffffff]
[    0.000000]   DMA32    [mem 0x0000000001000000-0x000000003ffeffff]
[    0.000000]   Normal   empty
[    0.000000]   Device   empty
[    0.000000] Movable zone start for each node
[    0.000000] Early memory node ranges
[    0.000000]   node   0: [mem 0x0000000000001000-0x000000000009efff]
[    0.000000]   node   0: [mem 0x0000000000100000-0x000000003ffeffff]
[    0.000000] Initmem setup node 0 [mem 0x0000000000001000-0x000000003ffeffff]
[    0.000000] ACPI: PM-Timer IO Port: 0x4008
[    0.000000] IOAPIC[0]: apic_id 2, version 32, address 0xfec00000, GSI 0-23
[    0.000000] ACPI: INT_SRC_OVR (bus 0 bus_irq 0 global_irq 2 dfl dfl)
[    0.000000] ACPI: INT_SRC_OVR (bus 0 bus_irq 9 global_irq 9 low level)
[    0.000000] Using ACPI (MADT) for SMP configuration information
[    0.000000] smpboot: Allowing 2 CPUs, 0 hotplug CPUs
[    0.000000] PM: Registered nosave memory: [mem 0x00000000-0x00000fff]
[    0.000000] PM: Registered nosave memory: [mem 0x0009f000-0x0009ffff]
[    0.000000] PM: Registered nosave memory: [mem 0x000a0000-0x000effff]
[    0.000000] PM: Registered nosave memory: [mem 0x000f0000-0x000fffff]
[    0.000000] e820: [mem 0x40000000-0xfebfffff] available for PCI devices
[    0.000000] Booting paravirtualized kernel on KVM
[    0.000000] clocksource: refined-jiffies: mask: 0xffffffff max_cycles: 0xffffffff, max_idle_ns: 7645519600211568 ns
[    0.000000] setup_percpu: NR_CPUS:512 nr_cpumask_bits:512 nr_cpu_ids:2 nr_node_ids:1
[    0.000000] PERCPU: Embedded 33 pages/cpu @ffff88003fc00000 s95448 r8192 d31528 u1048576
[    0.000000] Built 1 zonelists in Node order, mobility grouping on.  Total pages: 257912
[    0.000000] Policy zone: DMA32
[    0.000000] Kernel command line: BOOT_IMAGE=/boot/vmlinuz-4.4.0-170-generic root=LABEL=cloudimg-rootfs ro console=tty1 console=ttyS0
[    0.000000] PID hash table entries: 4096 (order: 3, 32768 bytes)
[    0.000000] Memory: 997728K/1048120K available (8626K kernel code, 1336K rwdata, 4036K rodata, 1488K init, 1288K bss, 50392K reserved, 0K cma-reserved)
[    0.000000] SLUB: HWalign=64, Order=0-3, MinObjects=0, CPUs=2, Nodes=1
[    0.000000] Hierarchical RCU implementation.
[    0.000000] 	Build-time adjustment of leaf fanout to 64.
[    0.000000] 	RCU restricting CPUs from NR_CPUS=512 to nr_cpu_ids=2.
[    0.000000] RCU: Adjusting geometry for rcu_fanout_leaf=64, nr_cpu_ids=2
[    0.000000] NR_IRQS:33024 nr_irqs:440 16
[    0.000000] Console: colour VGA+ 80x25
[    0.000000] console [tty1] enabled
[    0.000000] console [ttyS0] enabled
[    0.000000] tsc: Detected 1992.001 MHz processor
[    0.164921] Calibrating delay loop (skipped) preset value.. 3984.00 BogoMIPS (lpj=7968004)
[    0.166943] pid_max: default: 32768 minimum: 301
[    0.168228] ACPI: Core revision 20150930
[    0.170392] ACPI: 2 ACPI AML tables successfully acquired and loaded
[    0.172397] Security Framework initialized
[    0.173324] Yama: becoming mindful.
[    0.174105] AppArmor: AppArmor initialized
[    0.175067] Dentry cache hash table entries: 131072 (order: 8, 1048576 bytes)
[    0.176623] Inode-cache hash table entries: 65536 (order: 7, 524288 bytes)
[    0.179479] Mount-cache hash table entries: 2048 (order: 2, 16384 bytes)
[    0.181001] Mountpoint-cache hash table entries: 2048 (order: 2, 16384 bytes)
[    0.182336] Initializing cgroup subsys io
[    0.183413] Initializing cgroup subsys memory
[    0.184184] Initializing cgroup subsys devices
[    0.184958] Initializing cgroup subsys freezer
[    0.185726] Initializing cgroup subsys net_cls
[    0.186684] Initializing cgroup subsys perf_event
[    0.187774] Initializing cgroup subsys net_prio
[    0.188504] Initializing cgroup subsys hugetlb
[    0.189191] Initializing cgroup subsys pids
[    0.191283] mce: CPU supports 0 MCE banks
[    0.192413] Last level iTLB entries: 4KB 64, 2MB 8, 4MB 8
[    0.193268] Last level dTLB entries: 4KB 64, 2MB 0, 4MB 0, 1GB 4
[    0.194260] Spectre V1 : Mitigation: usercopy/swapgs barriers and __user pointer sanitization
[    0.196051] Spectre V2 : Mitigation: Enhanced IBRS
[    0.196852] Spectre V2 : Spectre v2 / SpectreRSB mitigation: Filling RSB on context switch
[    0.198397] Speculative Store Bypass: Vulnerable
[    0.202066] Freeing SMP alternatives memory: 36K
[    0.207999] ftrace: allocating 32302 entries in 127 pages
[    0.246807] smpboot: APIC(0) Converting physical 0 to logical package 0
[    0.248393] smpboot: Max logical packages: 1
[    0.249346] x2apic enabled
[    0.250025] Switched APIC routing to physical x2apic.
[    0.251924] ..TIMER: vector=0x30 apic1=0 pin1=2 apic2=-1 pin2=-1
[    0.361542] smpboot: CPU0: Intel(R) Core(TM) i7-8565U CPU @ 1.80GHz (family: 0x6, model: 0x8e, stepping: 0xc)
[    0.363628] Performance Events: unsupported p6 CPU model 142 no PMU driver, software events only.
[    0.371677] KVM setup paravirtual spinlock
[    0.373180] x86: Booting SMP configuration:
[    0.373886] .... node  #0, CPUs:      #1
[    0.374829] kvm-clock: cpu 1, msr 0:3ffe3041, secondary cpu clock
[    0.377713] mce: CPU supports 0 MCE banks
[    0.380147] x86: Booted up 1 node, 2 CPUs
[    0.380933] smpboot: Total of 2 processors activated (7968.00 BogoMIPS)
[    0.382355] devtmpfs: initialized
[    0.384705] evm: security.selinux
[    0.385338] evm: security.SMACK64
[    0.385935] evm: security.SMACK64EXEC
[    0.386481] evm: security.SMACK64TRANSMUTE
[    0.387146] evm: security.SMACK64MMAP
[    0.387726] evm: security.ima
[    0.388203] evm: security.capability
[    0.389081] clocksource: jiffies: mask: 0xffffffff max_cycles: 0xffffffff, max_idle_ns: 7645041785100000 ns
[    0.390539] futex hash table entries: 512 (order: 3, 32768 bytes)
[    0.391948] pinctrl core: initialized pinctrl subsystem
[    0.393051] RTC time: 16:35:56, date: 01/20/20
[    0.396365] NET: Registered protocol family 16
[    0.407293] cpuidle: using governor ladder
[    0.419893] cpuidle: using governor menu
[    0.420781] PCCT header not found.
[    0.421762] ACPI: bus type PCI registered
[    0.422621] acpiphp: ACPI Hot Plug PCI Controller Driver version: 0.5
[    0.423787] PCI: Using configuration type 1 for base access
[    0.440875] ACPI: Added _OSI(Module Device)
[    0.451500] ACPI: Added _OSI(Processor Device)
[    0.452548] ACPI: Added _OSI(3.0 _SCP Extensions)
[    0.453622] ACPI: Added _OSI(Processor Aggregator Device)
[    0.456084] ACPI: Executed 1 blocks of module-level executable AML code
[    0.459007] ACPI: Interpreter enabled
[    0.459854] ACPI: (supports S0 S5)
[    0.460491] ACPI: Using IOAPIC for interrupt routing
[    0.462185] PCI: Using host bridge windows from ACPI; if necessary, use "pci=nocrs" and report a bug
[    0.467035] ACPI: PCI Root Bridge [PCI0] (domain 0000 [bus 00-ff])
[    0.468672] acpi PNP0A03:00: _OSC: OS supports [ASPM ClockPM Segments MSI]
[    0.470843] acpi PNP0A03:00: _OSC: not requesting OS control; OS requires [ExtendedConfig ASPM ClockPM MSI]
[    0.472193] acpi PNP0A03:00: fail to add MMCONFIG information, can't access extended PCI configuration space under this bridge.
[    0.474720] PCI host bridge to bus 0000:00
[    0.475649] pci_bus 0000:00: root bus resource [io  0x0000-0x0cf7 window]
[    0.476727] pci_bus 0000:00: root bus resource [io  0x0d00-0xffff window]
[    0.478291] pci_bus 0000:00: root bus resource [mem 0x000a0000-0x000bffff window]
[    0.480135] pci_bus 0000:00: root bus resource [mem 0x40000000-0xfdffffff window]
[    0.482015] pci_bus 0000:00: root bus resource [bus 00-ff]
[    0.485999] pci 0000:00:01.1: legacy IDE quirk: reg 0x10: [io  0x01f0-0x01f7]
[    0.488832] pci 0000:00:01.1: legacy IDE quirk: reg 0x14: [io  0x03f6]
[    0.491218] pci 0000:00:01.1: legacy IDE quirk: reg 0x18: [io  0x0170-0x0177]
[    0.493655] pci 0000:00:01.1: legacy IDE quirk: reg 0x1c: [io  0x0376]
[    0.514748] pci 0000:00:07.0: quirk: [io  0x4000-0x403f] claimed by PIIX4 ACPI
[    0.525749] pci 0000:00:07.0: quirk: [io  0x4100-0x410f] claimed by PIIX4 SMB
[    0.534759] ACPI: PCI Interrupt Link [LNKA] (IRQs 5 9 10 *11)
[    0.536564] ACPI: PCI Interrupt Link [LNKB] (IRQs 5 9 *10 11)
[    0.537897] ACPI: PCI Interrupt Link [LNKC] (IRQs 5 *9 10 11)
[    0.540170] ACPI: PCI Interrupt Link [LNKD] (IRQs 5 9 10 *11)
[    0.542623] ACPI: Enabled 2 GPEs in block 00 to 07
[    0.543810] vgaarb: setting as boot device: PCI:0000:00:02.0
[    0.544756] vgaarb: device added: PCI:0000:00:02.0,decodes=io+mem,owns=io+mem,locks=none
[    0.546326] vgaarb: loaded
[    0.546908] vgaarb: bridge control possible 0000:00:02.0
[    0.547932] SCSI subsystem initialized
[    0.548759] ACPI: bus type USB registered
[    0.549799] usbcore: registered new interface driver usbfs
[    0.550831] usbcore: registered new interface driver hub
[    0.552538] usbcore: registered new device driver usb
[    0.553861] PCI: Using ACPI for IRQ routing
[    0.554773] NetLabel: Initializing
[    0.555361] NetLabel:  domain hash size = 128
[    0.556271] NetLabel:  protocols = UNLABELED CIPSOv4
[    0.557067] NetLabel:  unlabeled traffic allowed by default
[    0.558185] amd_nb: Cannot enumerate AMD northbridges
[    0.559046] clocksource: Switched to clocksource kvm-clock
[    0.568895] AppArmor: AppArmor Filesystem Enabled
[    0.570352] pnp: PnP ACPI init
[    0.571501] pnp: PnP ACPI: found 3 devices
[    0.583839] clocksource: acpi_pm: mask: 0xffffff max_cycles: 0xffffff, max_idle_ns: 2085701024 ns
[    0.585831] NET: Registered protocol family 2
[    0.586810] TCP established hash table entries: 8192 (order: 4, 65536 bytes)
[    0.588164] TCP bind hash table entries: 8192 (order: 5, 131072 bytes)
[    0.589268] TCP: Hash tables configured (established 8192 bind 8192)
[    0.590501] UDP hash table entries: 512 (order: 2, 16384 bytes)
[    0.591587] UDP-Lite hash table entries: 512 (order: 2, 16384 bytes)
[    0.592480] NET: Registered protocol family 1
[    0.593138] pci 0000:00:00.0: Limiting direct PCI/PCI transfers
[    0.593952] pci 0000:00:01.0: Activating ISA DMA hang workarounds
[    0.596460] Unpacking initramfs...
[    0.857271] Freeing initrd memory: 14828K
[    0.858634] clocksource: tsc: mask: 0xffffffffffffffff max_cycles: 0x396d54029a7, max_idle_ns: 881590429682 ns
[    0.861366] platform rtc_cmos: registered platform RTC device (no PNP device found)
[    0.863081] Scanning for low memory corruption every 60 seconds
[    0.864767] audit: initializing netlink subsys (disabled)
[    0.866126] audit: type=2000 audit(1579538162.125:1): initialized
[    0.868096] Initialise system trusted keyring
[    0.869793] HugeTLB registered 2 MB page size, pre-allocated 0 pages
[    0.872872] zbud: loaded
[    0.874068] VFS: Disk quotas dquot_6.6.0
[    0.874879] VFS: Dquot-cache hash table entries: 512 (order 0, 4096 bytes)
[    0.883263] squashfs: version 4.0 (2009/01/31) Phillip Lougher
[    0.885460] fuse init (API version 7.23)
[    0.886824] Key type big_key registered
[    0.887811] Allocating IMA MOK and blacklist keyrings.
[    0.892503] Key type asymmetric registered
[    0.893490] Asymmetric key parser 'x509' registered
[    0.894848] Block layer SCSI generic (bsg) driver version 0.4 loaded (major 249)
[    0.896575] io scheduler noop registered
[    0.897490] io scheduler deadline registered (default)
[    0.898529] io scheduler cfq registered
[    0.899318] pci_hotplug: PCI Hot Plug PCI Core version: 0.5
[    0.900519] pciehp: PCI Express Hot Plug Controller Driver version: 0.4
[    0.902190] ACPI: AC Adapter [AC] (on-line)
[    0.903469] input: Power Button as /devices/LNXSYSTM:00/LNXPWRBN:00/input/input0
[    0.905175] ACPI: Power Button [PWRF]
[    0.905934] input: Sleep Button as /devices/LNXSYSTM:00/LNXSLPBN:00/input/input1
[    0.907092] ACPI: Sleep Button [SLPF]
[    0.908333] GHES: HEST is not enabled!
[    0.909622] ACPI: Battery Slot [BAT0] (battery present)
[    0.910979] Serial: 8250/16550 driver, 32 ports, IRQ sharing enabled
[    0.933666] 00:02: ttyS0 at I/O 0x3f8 (irq = 4, base_baud = 115200) is a 16550A
[    0.937737] Linux agpgart interface v0.103
[    0.940848] loop: module loaded
[    0.942028] scsi host0: ata_piix
[    0.942981] scsi host1: ata_piix
[    0.944167] ata1: PATA max UDMA/33 cmd 0x1f0 ctl 0x3f6 bmdma 0xd000 irq 14
[    0.945774] ata2: PATA max UDMA/33 cmd 0x170 ctl 0x376 bmdma 0xd008 irq 15
[    0.947436] libphy: Fixed MDIO Bus: probed
[    0.948627] tun: Universal TUN/TAP device driver, 1.6
[    0.949508] tun: (C) 1999-2004 Max Krasnyansky <maxk@qualcomm.com>
[    0.950523] PPP generic driver version 2.4.2
[    0.951615] ehci_hcd: USB 2.0 'Enhanced' Host Controller (EHCI) Driver
[    0.953016] ehci-pci: EHCI PCI platform driver
[    0.954137] ehci-platform: EHCI generic platform driver
[    0.955461] ohci_hcd: USB 1.1 'Open' Host Controller (OHCI) Driver
[    0.956583] ohci-pci: OHCI PCI platform driver
[    0.957329] ohci-platform: OHCI generic platform driver
[    0.958104] uhci_hcd: USB Universal Host Controller Interface driver
[    0.959042] i8042: PNP: PS/2 Controller [PNP0303:PS2K,PNP0f03:PS2M] at 0x60,0x64 irq 1,12
[    0.961184] serio: i8042 KBD port at 0x60,0x64 irq 1
[    0.961931] serio: i8042 AUX port at 0x60,0x64 irq 12
[    0.962854] mousedev: PS/2 mouse device common for all mice
[    0.964426] rtc_cmos rtc_cmos: rtc core: registered rtc_cmos as rtc0
[    0.965424] rtc_cmos rtc_cmos: alarms up to one day, 114 bytes nvram
[    0.966525] input: AT Translated Set 2 keyboard as /devices/platform/i8042/serio0/input/input2
[    0.968386] i2c /dev entries driver
[    0.969624] device-mapper: uevent: version 1.0.3
[    0.970945] device-mapper: ioctl: 4.34.0-ioctl (2015-10-28) initialised: dm-devel@redhat.com
[    0.972958] ledtrig-cpu: registered to indicate activity on CPUs
[    0.974787] NET: Registered protocol family 10
[    0.976200] NET: Registered protocol family 17
[    0.977088] Key type dns_resolver registered
[    0.978460] registered taskstats version 1
[    0.980129] Loading compiled-in X.509 certificates
[    0.981529] Loaded X.509 cert 'Build time autogenerated kernel key: f0e56e97f406068ace47a9bf54316e9855aaaa43'
[    0.983310] zswap: loaded using pool lzo/zbud
[    0.985667] Key type trusted registered
[    0.988519] Key type encrypted registered
[    0.989118] AppArmor: AppArmor sha1 policy hashing enabled
[    0.989863] ima: No TPM chip found, activating TPM-bypass!
[    0.991254] ima: Allocated hash algorithm: sha1
[    0.992318] evm: HMAC attrs: 0x1
[    0.994197]   Magic number: 4:199:591
[    0.995179] rtc_cmos rtc_cmos: setting system clock to 2020-01-20 16:35:57 UTC (1579538157)
[    0.997042] BIOS EDD facility v0.16 2004-Jun-25, 0 devices found
[    0.997983] EDD information not available.
[    1.104649] Freeing unused kernel memory: 1488K
[    1.105487] Write protecting the kernel read-only data: 14336k
[    1.106891] Freeing unused kernel memory: 1604K
[    1.107925] Freeing unused kernel memory: 60K
Loading, please wait...
starting version 229
[    1.118743] random: systemd-udevd: uninitialized urandom read (16 bytes read, 1 bits of entropy available)
[    1.119258] random: udevadm: uninitialized urandom read (16 bytes read, 1 bits of entropy available)
[    1.119271] random: udevadm: uninitialized urandom read (16 bytes read, 1 bits of entropy available)
[    1.124105] random: udevadm: uninitialized urandom read (16 bytes read, 1 bits of entropy available)
[    1.124131] random: udevadm: uninitialized urandom read (16 bytes read, 1 bits of entropy available)
[    1.124245] random: udevadm: uninitialized urandom read (16 bytes read, 1 bits of entropy available)
[    1.124275] random: udevadm: uninitialized urandom read (16 bytes read, 1 bits of entropy available)
[    1.124305] random: udevadm: uninitialized urandom read (16 bytes read, 1 bits of entropy available)
[    1.124332] random: udevadm: uninitialized urandom read (16 bytes read, 1 bits of entropy available)
[    1.124370] random: udevadm: uninitialized urandom read (16 bytes read, 1 bits of entropy available)
[    1.156748] e1000: Intel(R) PRO/1000 Network Driver - version 7.3.21-k8-NAPI
[    1.158489] e1000: Copyright (c) 1999-2006 Intel Corporation.
[    1.159867] Fusion MPT base driver 3.04.20
[    1.161992] Copyright (c) 1999-2008 LSI Corporation
[    1.191740] Fusion MPT SPI Host driver 3.04.20
[    1.196963] AVX2 version of gcm_enc/dec engaged.
[    1.197881] AES CTR mode by8 optimization enabled
[    1.413376] input: ImExPS/2 Generic Explorer Mouse as /devices/platform/i8042/serio1/input/input4
[    1.531781] e1000 0000:00:03.0 eth0: (PCI:33MHz:32-bit) 02:dd:45:a7:5d:a0
[    1.533112] e1000 0000:00:03.0 eth0: Intel(R) PRO/1000 Network Connection
[    1.535299] mptbase: ioc0: Initiating bringup
[    1.535824] e1000 0000:00:03.0 enp0s3: renamed from eth0
[    1.690912] ioc0: LSI53C1030 A0: Capabilities={Initiator}
[    2.626367] scsi host2: ioc0: LSI53C1030 A0, FwRev=00000000h, Ports=1, MaxQ=256, IRQ=20
[    2.950188] scsi 2:0:0:0: Direct-Access     VBOX     HARDDISK         1.0  PQ: 0 ANSI: 5
[    2.952434] scsi target2:0:0: Beginning Domain Validation
[    2.954822] scsi target2:0:0: Domain Validation skipping write tests
[    2.956251] scsi target2:0:0: Ending Domain Validation
[    2.957450] scsi target2:0:0: asynchronous
[    2.958933] scsi 2:0:1:0: Direct-Access     VBOX     HARDDISK         1.0  PQ: 0 ANSI: 5
[    2.961605] scsi target2:0:1: Beginning Domain Validation
[    2.964169] scsi target2:0:1: Domain Validation skipping write tests
[    2.965066] scsi target2:0:1: Ending Domain Validation
[    2.965858] scsi target2:0:1: asynchronous
[    2.975897] sd 2:0:0:0: [sda] 20971520 512-byte logical blocks: (10.7 GB/10.0 GiB)
[    2.984511] sd 2:0:0:0: Attached scsi generic sg0 type 0
[    2.985832] sd 2:0:1:0: Attached scsi generic sg1 type 0
[    2.986848] sd 2:0:1:0: [sdb] 20480 512-byte logical blocks: (10.5 MB/10.0 MiB)
[    2.988262] sd 2:0:0:0: [sda] Write Protect is off
[    2.989452] sd 2:0:1:0: [sdb] Write Protect is off
[    2.990186] sd 2:0:0:0: [sda] Incomplete mode parameter data
[    2.991094] sd 2:0:0:0: [sda] Assuming drive cache: write through
[    2.992317] sd 2:0:1:0: [sdb] Incomplete mode parameter data
[    2.993433] sd 2:0:1:0: [sdb] Assuming drive cache: write through
[    2.997514]  sda: sda1
[    2.999065] sd 2:0:0:0: [sda] Attached SCSI disk
[    3.007633] sd 2:0:1:0: [sdb] Attached SCSI disk
Begin: Loading essential drivers ... [    4.332233] md: linear personality registered for level -1
[    4.335739] md: multipath personality registered for level -4
[    4.339052] md: raid0 personality registered for level 0
[    4.344222] md: raid1 personality registered for level 1
[    4.415563] raid6: sse2x1   gen() 10842 MB/s
[    4.483164] raid6: sse2x1   xor()  7761 MB/s
[    4.551192] raid6: sse2x2   gen() 16702 MB/s
[    4.619545] raid6: sse2x2   xor() 11530 MB/s
[    4.687251] raid6: sse2x4   gen() 18296 MB/s
[    4.755679] raid6: sse2x4   xor() 10697 MB/s
[    4.823557] raid6: avx2x1   gen() 22639 MB/s
[    4.891399] raid6: avx2x2   gen() 27535 MB/s
[    4.959220] raid6: avx2x4   gen() 33293 MB/s
[    4.960205] raid6: using algorithm avx2x4 gen() 33293 MB/s
[    4.961228] raid6: using avx2x2 recovery algorithm
[    4.963242] xor: automatically using best checksumming function:
[    5.003590]    avx       : 35714.000 MB/sec
[    5.005645] async_tx: api initialized (async)
[    5.014463] md: raid6 personality registered for level 6
[    5.015970] md: raid5 personality registered for level 5
[    5.017614] md: raid4 personality registered for level 4
[    5.023485] md: raid10 personality registered for level 10
done.
Begin: Running /scripts/init-premount ... done.
Begin: Mounting root file system ... Begin: Running /scripts/local-top ... done.
Begin: Running /scripts/local-premount ... [    5.053351] Btrfs loaded
Scanning for Btrfs filesystems
done.
Warning: fsck not present, so skipping root file system
[    5.080819] EXT4-fs (sda1): mounted filesystem with ordered data mode. Opts: (null)
done.
Begin: Running /scripts/local-bottom ... done.
Begin: Running /scripts/init-bottom ... done.
[    5.154950] systemd[1]: systemd 229 running in system mode. (+PAM +AUDIT +SELINUX +IMA +APPARMOR +SMACK +SYSVINIT +UTMP +LIBCRYPTSETUP +GCRYPT +GNUTLS +ACL +XZ -LZ4 +SECCOMP +BLKID +ELFUTILS +KMOD -IDN)
[    5.158690] systemd[1]: Detected virtualization oracle.
[    5.159488] systemd[1]: Detected architecture x86-64.

Welcome to [1mUbuntu 16.04.6 LTS[0m!

[    5.162448] systemd[1]: Set hostname to <ubuntu>.
[    5.165158] systemd[1]: Initializing machine ID from random generator.
[    5.166057] systemd[1]: Installed transient /etc/machine-id file.
[    5.273322] systemd[1]: Reached target User and Group Name Lookups.
[[0;32m  OK  [0m] Reached target User and Group Name Lookups.
[    5.283583] systemd[1]: Created slice User and Session Slice.
[[0;32m  OK  [0m] Created slice User and Session Slice.
[    5.285471] systemd[1]: Reached target Encrypted Volumes.
[[0;32m  OK  [0m] Reached target Encrypted Volumes.
[    5.287036] systemd[1]: Listening on udev Kernel Socket.
[[0;32m  OK  [0m] Listening on udev Kernel Socket.
[    5.288960] systemd[1]: Started Trigger resolvconf update for networkd DNS.
[[0;32m  OK  [0m] Started Trigger resolvconf update for networkd DNS.
[    5.290825] systemd[1]: Started Forward Password Requests to Wall Directory Watch.
[[0;32m  OK  [0m] Started Forward Password Requests to Wall Directory Watch.
[    5.292841] systemd[1]: Listening on LVM2 metadata daemon socket.
[[0;32m  OK  [0m] Listening on LVM2 metadata daemon socket.
[    5.294542] systemd[1]: Listening on Device-mapper event daemon FIFOs.
[[0;32m  OK  [0m] Listening on Device-mapper event daemon FIFOs.
[    5.296352] systemd[1]: Listening on /dev/initctl Compatibility Named Pipe.
[[0;32m  OK  [0m] Listening on /dev/initctl Compatibility Named Pipe.
[    5.298282] systemd[1]: Listening on Journal Audit Socket.
[[0;32m  OK  [0m] Listening on Journal Audit Socket.
[    5.299785] systemd[1]: Listening on Syslog Socket.
[[0;32m  OK  [0m] Listening on Syslog Socket.
[    5.301285] systemd[1]: Listening on LVM2 poll daemon socket.
[[0;32m  OK  [0m] Listening on LVM2 poll daemon socket.
[    5.302769] systemd[1]: Reached target System Time Synchronized.
[[0;32m  OK  [0m] Reached target System Time Synchronized.
[    5.304470] systemd[1]: Set up automount Arbitrary Executable File Formats File System Automount Point.
[[0;32m  OK  [0m] Set up automount Arbitrary Executab...ats File System Automount Point.
[    5.306927] systemd[1]: Listening on Journal Socket.
[[0;32m  OK  [0m] Listening on Journal Socket.
[    5.308360] systemd[1]: Reached target Swap.
[[0;32m  OK  [0m] Reached target Swap.
[    5.309665] systemd[1]: Listening on Journal Socket (/dev/log).
[[0;32m  OK  [0m] Listening on Journal Socket (/dev/log).
[    5.311308] systemd[1]: Created slice System Slice.
[[0;32m  OK  [0m] Created slice System Slice.
[    5.323533] systemd[1]: Starting Set console keymap...
         Starting Set console keymap...
[    5.325891] systemd[1]: Reached target Slices.
[[0;32m  OK  [0m] Reached target Slices.
[    5.328342] systemd[1]: Starting Uncomplicated firewall...
         Starting Uncomplicated firewall...
[    5.330716] systemd[1]: Starting Nameserver information manager...
         Starting Nameserver information manager...
[    5.333037] systemd[1]: Starting Journal Service...
         Starting Journal Service...
[    5.334660] systemd[1]: Mounting Debug File System...
         Mounting Debug File System...
[    5.336824] systemd[1]: Mounting POSIX Message Queue File System...
         Mounting POSIX Message Queue File System...
[    5.340263] systemd[1]: Starting Load Kernel Modules...
         Starting Load Kernel Modules...
[    5.342485] systemd[1]: Starting Remount Root and Kernel File Systems...
[    5.345011] EXT4-fs (sda1): re-mounted. Opts: (null)
         Starting Remount Root and Kernel File Systems...
[    5.347936] systemd[1]: Mounting Huge Pages File System...
         Mounting Huge Pages File System...
[    5.354461] Loading iSCSI transport class v2.0-870.
[    5.357037] systemd[1]: Starting Create list of required static device nodes for the current kernel...
         Starting Create list of required st... nodes for the current kernel...
[    5.361304] systemd[1]: Created slice system-serial\x2dgetty.slice.
[[0;32m  OK  [0m] Created slice system-serial\x2dgetty.slice.
[    5.364879] systemd[1]: Starting Monitoring of LVM2 mirrors, snapshots etc. using dmeventd or progress polling...
         Starting Monitoring of LVM2 mirrors... dmeventd or progress polling...
[    5.368246] systemd[1]: Listening on udev Control Socket.
[[0;32m  OK  [0m] Listening on udev Control Socket.
[    5.372107] systemd[1]: Mounted POSIX Message Queue File System.
[    5.373393] iscsi: registered transport (tcp)
[[0;32m  OK  [0m] Mounted POSIX Message Queue File System.
[    5.375209] systemd[1]: Mounted Debug File System.
[[0;32m  OK  [0m] Mounted Debug File System.
[    5.383307] systemd[1]: Mounted Huge Pages File System.
[[0;32m  OK  [0m] Mounted Huge Pages File System.
[    5.385149] systemd[1]: Started Journal Service.
[[0;32m  OK  [0m] Started Journal Service.
[[0;32m  OK  [0m] Started Set console keymap.
[    5.395772] iscsi: registered transport (iser)
[[0;32m  OK  [0m] Started Uncomplicated firewall.
[[0;32m  OK  [0m] Started Load Kernel Modules.
[[0;32m  OK  [0m] Started Remount Root and Kernel File Systems.
[[0;32m  OK  [0m] Started Create list of required sta...ce nodes for the current kernel.
[[0;32m  OK  [0m] Started Nameserver information manager.
[[0;32m  OK  [0m] Started LVM2 metadata daemon.
         Starting Create Static Device Nodes in /dev...
         Starting udev Coldplug all Devices...
         Starting Load/Save Random Seed...
         Starting Apply Kernel Variables...
         Mounting FUSE Control File System...
         Starting Flush Journal to Persistent Storage...
[[0;32m  OK  [0m] Mounted FUSE Control File System.
[[0;32m  OK  [0m] Started Load/Save Random Seed.
[[0;32m  OK  [0m] Started Apply Kernel Variables.
[[0;32m  OK  [0m] Started Flush Journal to Persistent Storage.
[[0;32m  OK  [0m] Started Create Static Device Nodes in /dev.
         Starting udev Kernel Device Manager...
[[0;32m  OK  [0m] Started udev Coldplug all Devices.
[[0;32m  OK  [0m] Started udev Kernel Device Manager.
[[0;32m  OK  [0m] Started Dispatch Password Requests to Console Directory Watch.
[[0;32m  OK  [0m] Found device /dev/ttyS0.
[[0;32m  OK  [0m] Listening on Load/Save RF Kill Switch Status /dev/rfkill Watch.
[[0;32m  OK  [0m] Started Monitoring of LVM2 mirrors,...ng dmeventd or progress polling.
[[0;32m  OK  [0m] Reached target Local File Systems (Pre).
[[0;32m  OK  [0m] Reached target Local File Systems.
         Starting LSB: AppArmor initialization...
         Starting Commit a transient machine-id on disk...
         Starting Initial cloud-init job (pre-networking)...
         Starting Tell Plymouth To Write Out Runtime Data...
         Starting Set console font and keymap...
         Starting Create Volatile Files and Directories...
[[0;32m  OK  [0m] Started Commit a transient machine-id on disk.
[[0;32m  OK  [0m] Started Tell Plymouth To Write Out Runtime Data.
[[0;32m  OK  [0m] Started Create Volatile Files and Directories.
         Starting Update UTMP about System Boot/Shutdown...
[[0;32m  OK  [0m] Started Update UTMP about System Boot/Shutdown.
[[0;32m  OK  [0m] Started Set console font and keymap.
[[0;32m  OK  [0m] Created slice system-getty.slice.
[[0;32m  OK  [0m] Started LSB: AppArmor initialization.
[    6.854547] cloud-init[611]: Cloud-init v. 19.2-36-g059d049c-0ubuntu2~16.04.1 running 'init-local' at Mon, 20 Jan 2020 16:36:03 +0000. Up 6.52 seconds.
[[0;32m  OK  [0m] Started Initial cloud-init job (pre-networking).
[[0;32m  OK  [0m] Reached target Network (Pre).
         Starting Raise network interfaces...
[[0;32m  OK  [0m] Started Raise network interfaces.
         Starting Initial cloud-init job (metadata service crawler)...
[[0;32m  OK  [0m] Reached target Network.
[    7.700714] cloud-init[950]: Cloud-init v. 19.2-36-g059d049c-0ubuntu2~16.04.1 running 'init' at Mon, 20 Jan 2020 16:36:03 +0000. Up 7.26 seconds.
[    7.708412] cloud-init[950]: ci-info: ++++++++++++++++++++++++++++++++++++++Net device info++++++++++++++++++++++++++++++++++++++
[    7.717131] cloud-init[950]: ci-info: +--------+------+----------------------------+---------------+--------+-------------------+
[    7.718363] cloud-init[950]: ci-info: | Device |  Up  |          Address           |      Mask     | Scope  |     Hw-Address    |
[    7.719662] cloud-init[950]: ci-info: +--------+------+----------------------------+---------------+--------+-------------------+
[    7.729048] cloud-init[950]: ci-info: | enp0s3 | True |         10.0.2.15          | 255.255.255.0 | global | 02:dd:45:a7:5d:a0 |
[    7.730289] cloud-init[950]: ci-info: | enp0s3 | True | fe80::dd:45ff:fea7:5da0/64 |       .       |  link  | 02:dd:45:a7:5d:a0 |
[    7.731778] cloud-init[950]: ci-info: |   lo   | True |         127.0.0.1          |   255.0.0.0   |  host  |         .         |
[[0;32m  OK  [0m] Started Initial cloud-init job (metadata service crawler).
[[0;32m  OK  [0m] Reached target Cloud-config availability.
[[0;32m  OK  [0m] Reached target System Initialization.
         Starting Socket activation for snappy daemon.
[[0;32m  OK  [0m] Started Message of the Day.
[    7.746293] cloud-init[950]: ci-info: |   lo   | True |          ::1/128           |       .       |  host  |         .         |
[    7.763648]          Starting LXD - unix socket.
[[0;32m  OK  [0m] Listening on D-Bus System Message Bus Socket.
cloud-init[950]: ci-info: +--------+------+----------------------------+---------------+--------+-------------------+
[    7.765356] [[0;32m  OK  [0m] Listening on UUID daemon activation socket.
cloud-init[950]: ci-info: +++++++++++++++++++++++++++Route IPv4 info++++++++++++++++++++++++++++[[0;32m  OK  [0m] Started ACPI Events Check.
[[0;32m  OK  [0m] Reached target Paths.
[[0;32m  OK  [0m] Listening on ACPID Listen Socket.
[[0;32m  OK  [0m] Started Daily apt download activities.
[[0;32m  OK  [0m] Started Daily apt upgrade and clean activities.
[[0;32m  OK  [0m] Started Daily Cleanup of Temporary Directories.
[[0;32m  OK  [0m] Reached target Timers.
[[0;32m  OK  [0m] Reached target Network is Online.

[    7.770496] cloud-init[950]: ci-info: +-------+-------------+----------+---------------+-----------+-------+
[    7.771609] cloud-init[950]: ci-info: | Route | Destination | Gateway  |    Genmask    | Interface | Flags |
[    7.773002] cloud-init[950]: ci-info: +-------+-------------+----------+---------------+-----------+-------+
[    7.774087] cloud-init[950]: ci-info: |   0   |   0.0.0.0   | 10.0.2.2 |    0.0.0.0    |   enp0s3  |   UG  |
[    7.775242] cloud-init[950]: ci-info: |   1   |   10.0.2.0  | 0.0.0.0  | 255.255.255.0 |   enp0s3  |   U   |
[    7.776368] cloud-init[950]: ci-info: +-------+-------------+----------+---------------+-----------+-------+
[    7.777531] cloud-init[950]: ci-info: +++++++++++++++++++Route IPv6 info+++++++++++++++++++
[    7.778491] cloud-init[950]: ci-info: +-------+-------------+---------+-----------+-------+
[    7.779492] cloud-init[950]: ci-info: | Route | Destination | Gateway | Interface | Flags |
[    7.780552] cloud-init[950]: ci-info: +-------+-------------+---------+-----------+-------+
[    7.781512] cloud-init[950]: ci-info: |   0   |  fe80::/64  |    ::   |   enp0s3  |   U   |
[    7.782475] cloud-init[950]: ci-info: |   3   |   ff00::/8  |    ::   |   enp0s3  |   U   |
[    7.783433] cloud-init[950]: ci-info: +-------+-------------+---------+-----------+-------+         Starting iSCSI initiator daemon (iscsid)...
[[0;32m  OK  [0m] Listening on Socket activation for snappy daemon.
[[0;32m  OK  [0m] Listening on LXD - unix socket.
[[0;32m  OK  [0m] Reached target Sockets.
[[0;32m  OK  [0m] Reached target Basic System.
[[0;32m  OK  [0m] Started FUSE filesystem for LXC.
         Starting System Logging Service...
         Starting Login Service...
         Starting Virtualbox guest utils...
         Starting /etc/rc.local Compatibility...

[[0;32m  OK  [0m] Started Regular background program processing daemon.
         Starting LXD - container startup/shutdown...
[    7.789195]          Starting Pollinate to seed the pseudo random number generator...
         Starting LSB: MD monitoring daemon...
[[0;32m  OK  [0m] Started D-Bus System Message Bus.
cloud-init[950]: Generating public/private rsa key pair.
[    7.800013] cloud-init[950]: Your identification has been saved in /etc/ssh/ssh_host_rsa_key.
[    7.805445] cloud-init[950]: Your public key has been saved in /etc/ssh/ssh_host_rsa_key.pub.
[    7.806938] cloud-init[950]: The key fingerprint is:
[    7.808519] cloud-init[950]: SHA256:WC+iR0FGFGVQmIU0BlKTmDV86MZ6h1q6IdrPXHOZ7GA root@ubuntu-xenial
[    7.810452] cloud-init[950]: The key's randomart image is:
[    7.816406] cloud-init[950]: +---[RSA 2048]----+
[    7.817452] cloud-init[950]: |  .**B@X=        |
[    7.819161] cloud-init[950]: |  o.+*=o         |
[    7.820357] cloud-init[950]: |   o .. .        |
[    7.821393] cloud-init[950]: |    +  + .       |
[    7.822412] cloud-init[950]: |   o .+ S .      |
[    7.823456] cloud-init[950]: |  . +o.o +       |
[    7.824505] cloud-init[950]: |. .=..E =        |
[    7.825573] cloud-init[950]: |.oo+ + =         |
[    7.826633] cloud-init[950]: |. oo+   .        |
[    7.827716] cloud-init[950]: +----[SHA256]-----+
[    7.828775] cloud-init[950]: Generating public/private dsa key pair.
[    7.829851] cloud-init[950]: Your identification has been saved in /etc/ssh/ssh_host_dsa_key.
[    7.836427] cloud-init[950]: Your public key has been saved in /etc/ssh/ssh_host_dsa_key.pub.
[    7.838175] cloud-init[950]: The key fingerprint is:
[    7.839606] cloud-init[950]: SHA256:+AHlGQ9jCG4j/pLtgpnkUtLUsjSEASU8Gf5uRVH0Hdk root@ubuntu-xenial
[    7.841202] cloud-init[950]: The key's randomart image is:
[    7.843694] cloud-init[950]: +---[DSA 1024]----+
[    7.845605] cloud-init[950]: |*=+ .oo+*  .o    |
[    7.846906] cloud-init[950]: |o=..  o+.*...E   |
[    7.847928] cloud-init[950]: | oo.+.. o...     |
[    7.848895] cloud-init[950]: | .*oo. o         |
[    7.849835] cloud-init[950]: | +.= .. S        |
[    7.850768] cloud-init[950]: |..=+.  . .       |
[    7.851762] cloud-init[950]: |o*ooo   .        |
[    7.852858] cloud-init[950]: |=.oo             |
[    7.853678] cloud-init[950]: |.  ..            |
[    7.854486] cloud-init[950]: +----[SHA256]-----+
[    7.855324] cloud-init[950]: Generating public/private ecdsa key pair.
[    7.856527] cloud-init[950]: Your identification has been saved in /etc/ssh/ssh_host_ecdsa_key.
[    7.857893] cloud-init[950]: Your public key has been saved in /etc/ssh/ssh_host_ecdsa_key.pub.
[    7.859600] cloud-init[950]: [[0;32m  OK  [0m] Started ACPI event daemon.
The key fingerprint is:[[0;32m  OK  [0m] Started Deferred execution scheduler.
         Starting LSB: Record successful boot for GRUB...
         Starting Accounts Service...

         Starting Snappy daemon...
[[0;32m  OK  [0m] Started System Logging Service.
[[0;32m  OK  [0m] Started /etc/rc.local Compatibility.
[    7.872063] [[0;32m  OK  [0m] Started Login Service.
[[0;32m  OK  [0m] Started Unattended Upgrades Shutdown.
cloud-init[950]: SHA256:lFStFmSn8YMrTR9Y1WtN2VdBrIj9zCryKZd4pZqrKa8 root@ubuntu-xenial
[[0;32m  OK  [0m] Started iSCSI initiator daemon (iscsid).
[    7.887804] cloud-init[950]: The key's randomart image is:
         Starting Login to default iSCSI targets...
[    7.891954] cloud-init[950]: +---[ECDSA 256]---+
[    7.901992] cloud-init[950]: |        .o=.o.++*|
[    7.903317] cloud-init[950]: |       . o.O.  o=|
[    7.904625] cloud-init[950]: |        o Bo= ..+|
[    7.905637] cloud-init[950]: |       . +o= + o.|
[    7.907012] cloud-init[950]: |        S.o = .  |
[    7.908044] [[0;32m  OK  [0m] Started LSB: MD monitoring daemon.
cloud-init[950]: |         . . +   |
[    7.912414] cloud-init[950]: |        . + .    |
[    7.913377] cloud-init[950]: |   .  .+.*..     |
[    7.915551] cloud-init[950]: |   E++.+Oo.      |
[    7.916524] cloud-init[950]: +----[SHA256]-----+
[    7.917597] cloud-init[950]: Generating public/private ed25519 key pair.
[    7.918850] cloud-init[950]: Your identification has been saved in /etc/ssh/ssh_host_ed25519_key.
[    7.923133] cloud-init[950]: Your public key has been saved in /etc/ssh/ssh_host_ed25519_key.pub.
[    7.924338] cloud-init[950]: The key fingerprint is:
[    7.925236] cloud-init[950]: SHA256:/dyiaNn6jfqPbTNajr3rtoLJnqOy2KdlljWJfUPKygQ root@ubuntu-xenial
[    7.927072] cloud-init[950]: The key's randomart image is:
[    7.930640] cloud-init[950]: +--[ED25519 256]--+
[    7.931741] cloud-init[950]: |                 |
[    7.937183] cloud-init[950]: |                 |
[    7.938268] cloud-init[950]: |    E     .      |
[    7.939260] cloud-init[950]: |     . + =       |
[    7.942778] cloud-init[950]: |      o S +      |
[    7.944100] cloud-init[[0;32m  OK  [0m] Started LSB: Record successful boot for GRUB.
[950]: |     o + o + .   |
[    7.946890] cloud-init[950]: |      B. =  = .  |
[    7.948611] cloud-init[950]: |   o.+. Boo@=.   |
[    7.950207] [[0;32m  OK  [0m] Started Login to default iSCSI targets.
[[0;32m  OK  [0m] Reached target Remote File Systems (Pre).
[[0;32m  OK  [0m] Reached target Remote File Systems.
         Starting LSB: daemon to balance interrupts for SMP systems...
         Starting Permit User Sessions...
cloud-init[950]: |  . +=.+**OB@*   |         Starting LSB: automatic crash report generation...
         Starting LSB: Set the CPU Frequency Scaling governor to "ondemand"...
[[0;32m  OK  [0m] Started Permit User Sessions.
         Starting Terminate Plymouth Boot Screen...
         Starting Hold until boot process finishes up...

[    7.974005] cloud-init[950]: +----[SHA256]-----+
[[0;32m  OK  [0m] Started Hold until boot process finishes up.
[[0;32m  OK  [0m] Started Getty on tty1.
         Starting Set console scheme...
[[0;32m  OK  [0m] Started Serial Getty on ttyS0.
[[0;32m  OK  [0m] Reached target Login Prompts.
[[0;32m  OK  [0m] Started Terminate Plymouth Boot Screen.
[[0;32m  OK  [0m] Started Set console scheme.
         Starting Authenticate and Authorize Users to Run Privileged Tasks...
[[0;32m  OK  [0m] Started LSB: Set the CPU Frequency Scaling governor to "ondemand".
[[0;32m  OK  [0m] Started LSB: daemon to balance interrupts for SMP systems.
[[0;32m  OK  [0m] Started LSB: automatic crash report generation.
[[0;32m  OK  [0m] Started Virtualbox guest utils.
[[0;32m  OK  [0m] Started Authenticate and Authorize Users to Run Privileged Tasks.
[[0;32m  OK  [0m] Started Accounts Service.
[[0;32m  OK  [0m] Started LXD - container startup/shutdown.
[[0;32m  OK  [0m] Started Pollinate to seed the pseudo random number generator.
[[0;32m  OK  [0m] Started Snappy daemon.
         Starting Wait until snapd is fully seeded...
         Starting OpenBSD Secure Shell server...
[[0;32m  OK  [0m] Started OpenBSD Secure Shell server.
[[0;32m  OK  [0m] Started Wait until snapd is fully seeded.
[[0;32m  OK  [0m] Reached target Multi-User System.
[[0;32m  OK  [0m] Reached target Graphical Interface.
         Starting Update UTMP about System Runlevel Changes...
         Starting Apply the settings specified in cloud-config...
[[0;32m  OK  [0m] Started Update UTMP about System Runlevel Changes.
[    9.030820] cloud-init[1311]: Generating locales (this might take a while)...
[    9.660985] cloud-init[1311]:   en_US.UTF-8... done
[    9.668549] cloud-init[1311]: Generation complete.
[   10.103275] cloud-init[1311]: Cloud-init v. 19.2-36-g059d049c-0ubuntu2~16.04.1 running 'modules:config' at Mon, 20 Jan 2020 16:36:05 +0000. Up 8.97 seconds.
[[0;32m  OK  [0m] Started Apply the settings specified in cloud-config.
         Starting Execute cloud user/final scripts...
ci-info: no authorized ssh keys fingerprints found for user ubuntu.
<14>Jan 20 16:36:07 ec2: 
<14>Jan 20 16:36:07 ec2: #############################################################
<14>Jan 20 16:36:07 ec2: -----BEGIN SSH HOST KEY FINGERPRINTS-----
<14>Jan 20 16:36:07 ec2: 1024 SHA256:+AHlGQ9jCG4j/pLtgpnkUtLUsjSEASU8Gf5uRVH0Hdk root@ubuntu-xenial (DSA)
<14>Jan 20 16:36:07 ec2: 256 SHA256:lFStFmSn8YMrTR9Y1WtN2VdBrIj9zCryKZd4pZqrKa8 root@ubuntu-xenial (ECDSA)
<14>Jan 20 16:36:07 ec2: 256 SHA256:/dyiaNn6jfqPbTNajr3rtoLJnqOy2KdlljWJfUPKygQ root@ubuntu-xenial (ED25519)
<14>Jan 20 16:36:07 ec2: 2048 SHA256:WC+iR0FGFGVQmIU0BlKTmDV86MZ6h1q6IdrPXHOZ7GA root@ubuntu-xenial (RSA)
<14>Jan 20 16:36:07 ec2: -----END SSH HOST KEY FINGERPRINTS-----
<14>Jan 20 16:36:07 ec2: #############################################################
-----BEGIN SSH HOST KEY KEYS-----
ecdsa-sha2-nistp256 AAAAE2VjZHNhLXNoYTItbmlzdHAyNTYAAAAIbmlzdHAyNTYAAABBBLa3e0aFAdZbiWjN8I69aHFSxSnelEhHlQvgKj6qGqK0fez+Z3KdLzM1AAY7OrWkedG/zqYilBi7AF0x0MRo720= root@ubuntu-xenial
ssh-ed25519 AAAAC3NzaC1lZDI1NTE5AAAAIHelKp/zrmbUqOSk3IWRuK5RLhjYIpqMtA93yJaCXFuC root@ubuntu-xenial
ssh-rsa AAAAB3NzaC1yc2EAAAADAQABAAABAQDKrNBhOnWArJpgkES30XtUw+IvVeJ6h+CKt6uxQzUv1PmNFwSwaL+9dkM16pCOX2wpDu68nOEtOzremebPVAQh8zn+0EyYhEzWv88iALng8+stTo2VStme/H+c97IupRl6jw+a+O9InurleRvaU/P5/mz6QDOekBewJqrIj0KMjbSSg/G9ZCi8+leco0y6/eM7RGsFB/Z2Oj24yNhtlxIdZuJgw2mFWkuu6/IdaDetLWBDgSmWomhUrqAhmj/dnBiqUgj9eWDgXTFiLnImRwT9va/SWB9gAKMtDS+x8bmbwkC8+poboxqwLM2rJcOtRtS245ObN0GWHIvA4jB4ILFX root@ubuntu-xenial
-----END SSH HOST KEY KEYS-----
[   10.770631] cloud-init[1351]: Cloud-init v. 19.2-36-g059d049c-0ubuntu2~16.04.1 running 'modules:final' at Mon, 20 Jan 2020 16:36:07 +0000. Up 10.56 seconds.
[   10.780777] cloud-init[1351]: ci-info: no authorized ssh keys fingerprints found for user ubuntu.
[   10.782294] cloud-init[1351]: Cloud-init v. 19.2-36-g059d049c-0ubuntu2~16.04.1 finished at Mon, 20 Jan 2020 16:36:07 +0000. Datasource DataSourceNoCloud [seed=/dev/sdb][dsmode=net].  Up 10.76 seconds
[[0;32m  OK  [0m] Started Execute cloud user/final scripts.
[[0;32m  OK  [0m] Reached target Cloud-init target.

Ubuntu 16.04.6 LTS ubuntu-xenial ttyS0

ubuntu-xenial login: 